# project ns (3.27) configured on Wed Dec  2 20:13:32 2020 by
# waf 1.8.19 (abi 98, python 20710f0 on darwin)
# using waf configure --enable-examples --enable-tests --with-pybindgen ../pybindgen-0.17.0.post58+ngcf00cc0
#
----------------------------------------
Setting top to
/Users/gaoxiong/Documents/1_Research/Alibaba Innovative Research/experiment.nosync/ns-allinone-3.27/ns-3.27
----------------------------------------
Setting out to
/Users/gaoxiong/Documents/1_Research/Alibaba Innovative Research/experiment.nosync/ns-allinone-3.27/ns-3.27/build
----------------------------------------
Checking for 'clang' (C compiler)
find program=['clang'] paths=['/opt/local/bin', '/opt/local/sbin', '/usr/local/bin', '/usr/bin', '/bin', '/usr/sbin', '/sbin', '/Library/TeX/texbin', '/usr/local/go/bin', '/Library/Apple/usr/bin'] var='CC' -> ['/usr/bin/clang']
['/usr/bin/clang', '-dM', '-E', '-']
out: #define _LP64 1
#define __APPLE_CC__ 6000
#define __APPLE__ 1
#define __ATOMIC_ACQUIRE 2
#define __ATOMIC_ACQ_REL 4
#define __ATOMIC_CONSUME 1
#define __ATOMIC_RELAXED 0
#define __ATOMIC_RELEASE 3
#define __ATOMIC_SEQ_CST 5
#define __BIGGEST_ALIGNMENT__ 16
#define __BLOCKS__ 1
#define __BYTE_ORDER__ __ORDER_LITTLE_ENDIAN__
#define __CHAR16_TYPE__ unsigned short
#define __CHAR32_TYPE__ unsigned int
#define __CHAR_BIT__ 8
#define __CLANG_ATOMIC_BOOL_LOCK_FREE 2
#define __CLANG_ATOMIC_CHAR16_T_LOCK_FREE 2
#define __CLANG_ATOMIC_CHAR32_T_LOCK_FREE 2
#define __CLANG_ATOMIC_CHAR_LOCK_FREE 2
#define __CLANG_ATOMIC_INT_LOCK_FREE 2
#define __CLANG_ATOMIC_LLONG_LOCK_FREE 2
#define __CLANG_ATOMIC_LONG_LOCK_FREE 2
#define __CLANG_ATOMIC_POINTER_LOCK_FREE 2
#define __CLANG_ATOMIC_SHORT_LOCK_FREE 2
#define __CLANG_ATOMIC_WCHAR_T_LOCK_FREE 2
#define __CONSTANT_CFSTRINGS__ 1
#define __DBL_DECIMAL_DIG__ 17
#define __DBL_DENORM_MIN__ 4.9406564584124654e-324
#define __DBL_DIG__ 15
#define __DBL_EPSILON__ 2.2204460492503131e-16
#define __DBL_HAS_DENORM__ 1
#define __DBL_HAS_INFINITY__ 1
#define __DBL_HAS_QUIET_NAN__ 1
#define __DBL_MANT_DIG__ 53
#define __DBL_MAX_10_EXP__ 308
#define __DBL_MAX_EXP__ 1024
#define __DBL_MAX__ 1.7976931348623157e+308
#define __DBL_MIN_10_EXP__ (-307)
#define __DBL_MIN_EXP__ (-1021)
#define __DBL_MIN__ 2.2250738585072014e-308
#define __DECIMAL_DIG__ __LDBL_DECIMAL_DIG__
#define __DYNAMIC__ 1
#define __ENVIRONMENT_MAC_OS_X_VERSION_MIN_REQUIRED__ 110000
#define __FINITE_MATH_ONLY__ 0
#define __FLT16_DECIMAL_DIG__ 5
#define __FLT16_DENORM_MIN__ 5.9604644775390625e-8F16
#define __FLT16_DIG__ 3
#define __FLT16_EPSILON__ 9.765625e-4F16
#define __FLT16_HAS_DENORM__ 1
#define __FLT16_HAS_INFINITY__ 1
#define __FLT16_HAS_QUIET_NAN__ 1
#define __FLT16_MANT_DIG__ 11
#define __FLT16_MAX_10_EXP__ 4
#define __FLT16_MAX_EXP__ 16
#define __FLT16_MAX__ 6.5504e+4F16
#define __FLT16_MIN_10_EXP__ (-4)
#define __FLT16_MIN_EXP__ (-13)
#define __FLT16_MIN__ 6.103515625e-5F16
#define __FLT_DECIMAL_DIG__ 9
#define __FLT_DENORM_MIN__ 1.40129846e-45F
#define __FLT_DIG__ 6
#define __FLT_EPSILON__ 1.19209290e-7F
#define __FLT_EVAL_METHOD__ 0
#define __FLT_HAS_DENORM__ 1
#define __FLT_HAS_INFINITY__ 1
#define __FLT_HAS_QUIET_NAN__ 1
#define __FLT_MANT_DIG__ 24
#define __FLT_MAX_10_EXP__ 38
#define __FLT_MAX_EXP__ 128
#define __FLT_MAX__ 3.40282347e+38F
#define __FLT_MIN_10_EXP__ (-37)
#define __FLT_MIN_EXP__ (-125)
#define __FLT_MIN__ 1.17549435e-38F
#define __FLT_RADIX__ 2
#define __FXSR__ 1
#define __GCC_ASM_FLAG_OUTPUTS__ 1
#define __GCC_ATOMIC_BOOL_LOCK_FREE 2
#define __GCC_ATOMIC_CHAR16_T_LOCK_FREE 2
#define __GCC_ATOMIC_CHAR32_T_LOCK_FREE 2
#define __GCC_ATOMIC_CHAR_LOCK_FREE 2
#define __GCC_ATOMIC_INT_LOCK_FREE 2
#define __GCC_ATOMIC_LLONG_LOCK_FREE 2
#define __GCC_ATOMIC_LONG_LOCK_FREE 2
#define __GCC_ATOMIC_POINTER_LOCK_FREE 2
#define __GCC_ATOMIC_SHORT_LOCK_FREE 2
#define __GCC_ATOMIC_TEST_AND_SET_TRUEVAL 1
#define __GCC_ATOMIC_WCHAR_T_LOCK_FREE 2
#define __GCC_HAVE_SYNC_COMPARE_AND_SWAP_1 1
#define __GCC_HAVE_SYNC_COMPARE_AND_SWAP_16 1
#define __GCC_HAVE_SYNC_COMPARE_AND_SWAP_2 1
#define __GCC_HAVE_SYNC_COMPARE_AND_SWAP_4 1
#define __GCC_HAVE_SYNC_COMPARE_AND_SWAP_8 1
#define __GNUC_MINOR__ 2
#define __GNUC_PATCHLEVEL__ 1
#define __GNUC_STDC_INLINE__ 1
#define __GNUC__ 4
#define __GXX_ABI_VERSION 1002
#define __INT16_C_SUFFIX__ 
#define __INT16_FMTd__ "hd"
#define __INT16_FMTi__ "hi"
#define __INT16_MAX__ 32767
#define __INT16_TYPE__ short
#define __INT32_C_SUFFIX__ 
#define __INT32_FMTd__ "d"
#define __INT32_FMTi__ "i"
#define __INT32_MAX__ 2147483647
#define __INT32_TYPE__ int
#define __INT64_C_SUFFIX__ LL
#define __INT64_FMTd__ "lld"
#define __INT64_FMTi__ "lli"
#define __INT64_MAX__ 9223372036854775807LL
#define __INT64_TYPE__ long long int
#define __INT8_C_SUFFIX__ 
#define __INT8_FMTd__ "hhd"
#define __INT8_FMTi__ "hhi"
#define __INT8_MAX__ 127
#define __INT8_TYPE__ signed char
#define __INTMAX_C_SUFFIX__ L
#define __INTMAX_FMTd__ "ld"
#define __INTMAX_FMTi__ "li"
#define __INTMAX_MAX__ 9223372036854775807L
#define __INTMAX_TYPE__ long int
#define __INTMAX_WIDTH__ 64
#define __INTPTR_FMTd__ "ld"
#define __INTPTR_FMTi__ "li"
#define __INTPTR_MAX__ 9223372036854775807L
#define __INTPTR_TYPE__ long int
#define __INTPTR_WIDTH__ 64
#define __INT_FAST16_FMTd__ "hd"
#define __INT_FAST16_FMTi__ "hi"
#define __INT_FAST16_MAX__ 32767
#define __INT_FAST16_TYPE__ short
#define __INT_FAST32_FMTd__ "d"
#define __INT_FAST32_FMTi__ "i"
#define __INT_FAST32_MAX__ 2147483647
#define __INT_FAST32_TYPE__ int
#define __INT_FAST64_FMTd__ "lld"
#define __INT_FAST64_FMTi__ "lli"
#define __INT_FAST64_MAX__ 9223372036854775807LL
#define __INT_FAST64_TYPE__ long long int
#define __INT_FAST8_FMTd__ "hhd"
#define __INT_FAST8_FMTi__ "hhi"
#define __INT_FAST8_MAX__ 127
#define __INT_FAST8_TYPE__ signed char
#define __INT_LEAST16_FMTd__ "hd"
#define __INT_LEAST16_FMTi__ "hi"
#define __INT_LEAST16_MAX__ 32767
#define __INT_LEAST16_TYPE__ short
#define __INT_LEAST32_FMTd__ "d"
#define __INT_LEAST32_FMTi__ "i"
#define __INT_LEAST32_MAX__ 2147483647
#define __INT_LEAST32_TYPE__ int
#define __INT_LEAST64_FMTd__ "lld"
#define __INT_LEAST64_FMTi__ "lli"
#define __INT_LEAST64_MAX__ 9223372036854775807LL
#define __INT_LEAST64_TYPE__ long long int
#define __INT_LEAST8_FMTd__ "hhd"
#define __INT_LEAST8_FMTi__ "hhi"
#define __INT_LEAST8_MAX__ 127
#define __INT_LEAST8_TYPE__ signed char
#define __INT_MAX__ 2147483647
#define __LDBL_DECIMAL_DIG__ 21
#define __LDBL_DENORM_MIN__ 3.64519953188247460253e-4951L
#define __LDBL_DIG__ 18
#define __LDBL_EPSILON__ 1.08420217248550443401e-19L
#define __LDBL_HAS_DENORM__ 1
#define __LDBL_HAS_INFINITY__ 1
#define __LDBL_HAS_QUIET_NAN__ 1
#define __LDBL_MANT_DIG__ 64
#define __LDBL_MAX_10_EXP__ 4932
#define __LDBL_MAX_EXP__ 16384
#define __LDBL_MAX__ 1.18973149535723176502e+4932L
#define __LDBL_MIN_10_EXP__ (-4931)
#define __LDBL_MIN_EXP__ (-16381)
#define __LDBL_MIN__ 3.36210314311209350626e-4932L
#define __LITTLE_ENDIAN__ 1
#define __LONG_LONG_MAX__ 9223372036854775807LL
#define __LONG_MAX__ 9223372036854775807L
#define __LP64__ 1
#define __MACH__ 1
#define __MMX__ 1
#define __NO_INLINE__ 1
#define __NO_MATH_INLINES 1
#define __OBJC_BOOL_IS_BOOL 0
#define __OPENCL_MEMORY_SCOPE_ALL_SVM_DEVICES 3
#define __OPENCL_MEMORY_SCOPE_DEVICE 2
#define __OPENCL_MEMORY_SCOPE_SUB_GROUP 4
#define __OPENCL_MEMORY_SCOPE_WORK_GROUP 1
#define __OPENCL_MEMORY_SCOPE_WORK_ITEM 0
#define __ORDER_BIG_ENDIAN__ 4321
#define __ORDER_LITTLE_ENDIAN__ 1234
#define __ORDER_PDP_ENDIAN__ 3412
#define __PIC__ 2
#define __POINTER_WIDTH__ 64
#define __PRAGMA_REDEFINE_EXTNAME 1
#define __PTRDIFF_FMTd__ "ld"
#define __PTRDIFF_FMTi__ "li"
#define __PTRDIFF_MAX__ 9223372036854775807L
#define __PTRDIFF_TYPE__ long int
#define __PTRDIFF_WIDTH__ 64
#define __REGISTER_PREFIX__ 
#define __SCHAR_MAX__ 127
#define __SEG_FS 1
#define __SEG_GS 1
#define __SHRT_MAX__ 32767
#define __SIG_ATOMIC_MAX__ 2147483647
#define __SIG_ATOMIC_WIDTH__ 32
#define __SIZEOF_DOUBLE__ 8
#define __SIZEOF_FLOAT__ 4
#define __SIZEOF_INT128__ 16
#define __SIZEOF_INT__ 4
#define __SIZEOF_LONG_DOUBLE__ 16
#define __SIZEOF_LONG_LONG__ 8
#define __SIZEOF_LONG__ 8
#define __SIZEOF_POINTER__ 8
#define __SIZEOF_PTRDIFF_T__ 8
#define __SIZEOF_SHORT__ 2
#define __SIZEOF_SIZE_T__ 8
#define __SIZEOF_WCHAR_T__ 4
#define __SIZEOF_WINT_T__ 4
#define __SIZE_FMTX__ "lX"
#define __SIZE_FMTo__ "lo"
#define __SIZE_FMTu__ "lu"
#define __SIZE_FMTx__ "lx"
#define __SIZE_MAX__ 18446744073709551615UL
#define __SIZE_TYPE__ long unsigned int
#define __SIZE_WIDTH__ 64
#define __SSE2_MATH__ 1
#define __SSE2__ 1
#define __SSE3__ 1
#define __SSE4_1__ 1
#define __SSE_MATH__ 1
#define __SSE__ 1
#define __SSP__ 1
#define __SSSE3__ 1
#define __STDC_HOSTED__ 1
#define __STDC_NO_THREADS__ 1
#define __STDC_UTF_16__ 1
#define __STDC_UTF_32__ 1
#define __STDC_VERSION__ 201112L
#define __STDC__ 1
#define __UINT16_C_SUFFIX__ 
#define __UINT16_FMTX__ "hX"
#define __UINT16_FMTo__ "ho"
#define __UINT16_FMTu__ "hu"
#define __UINT16_FMTx__ "hx"
#define __UINT16_MAX__ 65535
#define __UINT16_TYPE__ unsigned short
#define __UINT32_C_SUFFIX__ U
#define __UINT32_FMTX__ "X"
#define __UINT32_FMTo__ "o"
#define __UINT32_FMTu__ "u"
#define __UINT32_FMTx__ "x"
#define __UINT32_MAX__ 4294967295U
#define __UINT32_TYPE__ unsigned int
#define __UINT64_C_SUFFIX__ ULL
#define __UINT64_FMTX__ "llX"
#define __UINT64_FMTo__ "llo"
#define __UINT64_FMTu__ "llu"
#define __UINT64_FMTx__ "llx"
#define __UINT64_MAX__ 18446744073709551615ULL
#define __UINT64_TYPE__ long long unsigned int
#define __UINT8_C_SUFFIX__ 
#define __UINT8_FMTX__ "hhX"
#define __UINT8_FMTo__ "hho"
#define __UINT8_FMTu__ "hhu"
#define __UINT8_FMTx__ "hhx"
#define __UINT8_MAX__ 255
#define __UINT8_TYPE__ unsigned char
#define __UINTMAX_C_SUFFIX__ UL
#define __UINTMAX_FMTX__ "lX"
#define __UINTMAX_FMTo__ "lo"
#define __UINTMAX_FMTu__ "lu"
#define __UINTMAX_FMTx__ "lx"
#define __UINTMAX_MAX__ 18446744073709551615UL
#define __UINTMAX_TYPE__ long unsigned int
#define __UINTMAX_WIDTH__ 64
#define __UINTPTR_FMTX__ "lX"
#define __UINTPTR_FMTo__ "lo"
#define __UINTPTR_FMTu__ "lu"
#define __UINTPTR_FMTx__ "lx"
#define __UINTPTR_MAX__ 18446744073709551615UL
#define __UINTPTR_TYPE__ long unsigned int
#define __UINTPTR_WIDTH__ 64
#define __UINT_FAST16_FMTX__ "hX"
#define __UINT_FAST16_FMTo__ "ho"
#define __UINT_FAST16_FMTu__ "hu"
#define __UINT_FAST16_FMTx__ "hx"
#define __UINT_FAST16_MAX__ 65535
#define __UINT_FAST16_TYPE__ unsigned short
#define __UINT_FAST32_FMTX__ "X"
#define __UINT_FAST32_FMTo__ "o"
#define __UINT_FAST32_FMTu__ "u"
#define __UINT_FAST32_FMTx__ "x"
#define __UINT_FAST32_MAX__ 4294967295U
#define __UINT_FAST32_TYPE__ unsigned int
#define __UINT_FAST64_FMTX__ "llX"
#define __UINT_FAST64_FMTo__ "llo"
#define __UINT_FAST64_FMTu__ "llu"
#define __UINT_FAST64_FMTx__ "llx"
#define __UINT_FAST64_MAX__ 18446744073709551615ULL
#define __UINT_FAST64_TYPE__ long long unsigned int
#define __UINT_FAST8_FMTX__ "hhX"
#define __UINT_FAST8_FMTo__ "hho"
#define __UINT_FAST8_FMTu__ "hhu"
#define __UINT_FAST8_FMTx__ "hhx"
#define __UINT_FAST8_MAX__ 255
#define __UINT_FAST8_TYPE__ unsigned char
#define __UINT_LEAST16_FMTX__ "hX"
#define __UINT_LEAST16_FMTo__ "ho"
#define __UINT_LEAST16_FMTu__ "hu"
#define __UINT_LEAST16_FMTx__ "hx"
#define __UINT_LEAST16_MAX__ 65535
#define __UINT_LEAST16_TYPE__ unsigned short
#define __UINT_LEAST32_FMTX__ "X"
#define __UINT_LEAST32_FMTo__ "o"
#define __UINT_LEAST32_FMTu__ "u"
#define __UINT_LEAST32_FMTx__ "x"
#define __UINT_LEAST32_MAX__ 4294967295U
#define __UINT_LEAST32_TYPE__ unsigned int
#define __UINT_LEAST64_FMTX__ "llX"
#define __UINT_LEAST64_FMTo__ "llo"
#define __UINT_LEAST64_FMTu__ "llu"
#define __UINT_LEAST64_FMTx__ "llx"
#define __UINT_LEAST64_MAX__ 18446744073709551615ULL
#define __UINT_LEAST64_TYPE__ long long unsigned int
#define __UINT_LEAST8_FMTX__ "hhX"
#define __UINT_LEAST8_FMTo__ "hho"
#define __UINT_LEAST8_FMTu__ "hhu"
#define __UINT_LEAST8_FMTx__ "hhx"
#define __UINT_LEAST8_MAX__ 255
#define __UINT_LEAST8_TYPE__ unsigned char
#define __USER_LABEL_PREFIX__ _
#define __VERSION__ "Apple LLVM 12.0.0 (clang-1200.0.32.27)"
#define __WCHAR_MAX__ 2147483647
#define __WCHAR_TYPE__ int
#define __WCHAR_WIDTH__ 32
#define __WINT_MAX__ 2147483647
#define __WINT_TYPE__ int
#define __WINT_WIDTH__ 32
#define __amd64 1
#define __amd64__ 1
#define __apple_build_version__ 12000032
#define __block __attribute__((__blocks__(byref)))
#define __clang__ 1
#define __clang_major__ 12
#define __clang_minor__ 0
#define __clang_patchlevel__ 0
#define __clang_version__ "12.0.0 (clang-1200.0.32.27)"
#define __code_model_small_ 1
#define __core2 1
#define __core2__ 1
#define __llvm__ 1
#define __nonnull _Nonnull
#define __null_unspecified _Null_unspecified
#define __nullable _Nullable
#define __pic__ 2
#define __seg_fs __attribute__((address_space(257)))
#define __seg_gs __attribute__((address_space(256)))
#define __strong 
#define __tune_core2__ 1
#define __unsafe_unretained 
#define __weak __attribute__((objc_gc(weak)))
#define __x86_64 1
#define __x86_64__ 1

find program=['llvm-ar', 'ar'] paths=['/opt/local/bin', '/opt/local/sbin', '/usr/local/bin', '/usr/bin', '/bin', '/usr/sbin', '/sbin', '/Library/TeX/texbin', '/usr/local/go/bin', '/Library/Apple/usr/bin'] var='AR' -> ['/usr/bin/ar']
find program=['ar'] paths=['/opt/local/bin', '/opt/local/sbin', '/usr/local/bin', '/usr/bin', '/bin', '/usr/sbin', '/sbin', '/Library/TeX/texbin', '/usr/local/go/bin', '/Library/Apple/usr/bin'] var='AR' -> ['/usr/bin/ar']
/usr/bin/clang
----------------------------------------
Checking for cc version
12.0.0
----------------------------------------
Checking for 'clang++' (C++ compiler)
find program=['clang++'] paths=['/opt/local/bin', '/opt/local/sbin', '/usr/local/bin', '/usr/bin', '/bin', '/usr/sbin', '/sbin', '/Library/TeX/texbin', '/usr/local/go/bin', '/Library/Apple/usr/bin'] var='CXX' -> ['/usr/bin/clang++']
['/usr/bin/clang++', '-dM', '-E', '-']
out: #define _LP64 1
#define __APPLE_CC__ 6000
#define __APPLE__ 1
#define __ATOMIC_ACQUIRE 2
#define __ATOMIC_ACQ_REL 4
#define __ATOMIC_CONSUME 1
#define __ATOMIC_RELAXED 0
#define __ATOMIC_RELEASE 3
#define __ATOMIC_SEQ_CST 5
#define __BIGGEST_ALIGNMENT__ 16
#define __BLOCKS__ 1
#define __BYTE_ORDER__ __ORDER_LITTLE_ENDIAN__
#define __CHAR16_TYPE__ unsigned short
#define __CHAR32_TYPE__ unsigned int
#define __CHAR_BIT__ 8
#define __CLANG_ATOMIC_BOOL_LOCK_FREE 2
#define __CLANG_ATOMIC_CHAR16_T_LOCK_FREE 2
#define __CLANG_ATOMIC_CHAR32_T_LOCK_FREE 2
#define __CLANG_ATOMIC_CHAR_LOCK_FREE 2
#define __CLANG_ATOMIC_INT_LOCK_FREE 2
#define __CLANG_ATOMIC_LLONG_LOCK_FREE 2
#define __CLANG_ATOMIC_LONG_LOCK_FREE 2
#define __CLANG_ATOMIC_POINTER_LOCK_FREE 2
#define __CLANG_ATOMIC_SHORT_LOCK_FREE 2
#define __CLANG_ATOMIC_WCHAR_T_LOCK_FREE 2
#define __CONSTANT_CFSTRINGS__ 1
#define __DBL_DECIMAL_DIG__ 17
#define __DBL_DENORM_MIN__ 4.9406564584124654e-324
#define __DBL_DIG__ 15
#define __DBL_EPSILON__ 2.2204460492503131e-16
#define __DBL_HAS_DENORM__ 1
#define __DBL_HAS_INFINITY__ 1
#define __DBL_HAS_QUIET_NAN__ 1
#define __DBL_MANT_DIG__ 53
#define __DBL_MAX_10_EXP__ 308
#define __DBL_MAX_EXP__ 1024
#define __DBL_MAX__ 1.7976931348623157e+308
#define __DBL_MIN_10_EXP__ (-307)
#define __DBL_MIN_EXP__ (-1021)
#define __DBL_MIN__ 2.2250738585072014e-308
#define __DECIMAL_DIG__ __LDBL_DECIMAL_DIG__
#define __DYNAMIC__ 1
#define __ENVIRONMENT_MAC_OS_X_VERSION_MIN_REQUIRED__ 110000
#define __FINITE_MATH_ONLY__ 0
#define __FLT16_DECIMAL_DIG__ 5
#define __FLT16_DENORM_MIN__ 5.9604644775390625e-8F16
#define __FLT16_DIG__ 3
#define __FLT16_EPSILON__ 9.765625e-4F16
#define __FLT16_HAS_DENORM__ 1
#define __FLT16_HAS_INFINITY__ 1
#define __FLT16_HAS_QUIET_NAN__ 1
#define __FLT16_MANT_DIG__ 11
#define __FLT16_MAX_10_EXP__ 4
#define __FLT16_MAX_EXP__ 16
#define __FLT16_MAX__ 6.5504e+4F16
#define __FLT16_MIN_10_EXP__ (-4)
#define __FLT16_MIN_EXP__ (-13)
#define __FLT16_MIN__ 6.103515625e-5F16
#define __FLT_DECIMAL_DIG__ 9
#define __FLT_DENORM_MIN__ 1.40129846e-45F
#define __FLT_DIG__ 6
#define __FLT_EPSILON__ 1.19209290e-7F
#define __FLT_EVAL_METHOD__ 0
#define __FLT_HAS_DENORM__ 1
#define __FLT_HAS_INFINITY__ 1
#define __FLT_HAS_QUIET_NAN__ 1
#define __FLT_MANT_DIG__ 24
#define __FLT_MAX_10_EXP__ 38
#define __FLT_MAX_EXP__ 128
#define __FLT_MAX__ 3.40282347e+38F
#define __FLT_MIN_10_EXP__ (-37)
#define __FLT_MIN_EXP__ (-125)
#define __FLT_MIN__ 1.17549435e-38F
#define __FLT_RADIX__ 2
#define __FXSR__ 1
#define __GCC_ASM_FLAG_OUTPUTS__ 1
#define __GCC_ATOMIC_BOOL_LOCK_FREE 2
#define __GCC_ATOMIC_CHAR16_T_LOCK_FREE 2
#define __GCC_ATOMIC_CHAR32_T_LOCK_FREE 2
#define __GCC_ATOMIC_CHAR_LOCK_FREE 2
#define __GCC_ATOMIC_INT_LOCK_FREE 2
#define __GCC_ATOMIC_LLONG_LOCK_FREE 2
#define __GCC_ATOMIC_LONG_LOCK_FREE 2
#define __GCC_ATOMIC_POINTER_LOCK_FREE 2
#define __GCC_ATOMIC_SHORT_LOCK_FREE 2
#define __GCC_ATOMIC_TEST_AND_SET_TRUEVAL 1
#define __GCC_ATOMIC_WCHAR_T_LOCK_FREE 2
#define __GCC_HAVE_SYNC_COMPARE_AND_SWAP_1 1
#define __GCC_HAVE_SYNC_COMPARE_AND_SWAP_16 1
#define __GCC_HAVE_SYNC_COMPARE_AND_SWAP_2 1
#define __GCC_HAVE_SYNC_COMPARE_AND_SWAP_4 1
#define __GCC_HAVE_SYNC_COMPARE_AND_SWAP_8 1
#define __GNUC_MINOR__ 2
#define __GNUC_PATCHLEVEL__ 1
#define __GNUC_STDC_INLINE__ 1
#define __GNUC__ 4
#define __GXX_ABI_VERSION 1002
#define __INT16_C_SUFFIX__ 
#define __INT16_FMTd__ "hd"
#define __INT16_FMTi__ "hi"
#define __INT16_MAX__ 32767
#define __INT16_TYPE__ short
#define __INT32_C_SUFFIX__ 
#define __INT32_FMTd__ "d"
#define __INT32_FMTi__ "i"
#define __INT32_MAX__ 2147483647
#define __INT32_TYPE__ int
#define __INT64_C_SUFFIX__ LL
#define __INT64_FMTd__ "lld"
#define __INT64_FMTi__ "lli"
#define __INT64_MAX__ 9223372036854775807LL
#define __INT64_TYPE__ long long int
#define __INT8_C_SUFFIX__ 
#define __INT8_FMTd__ "hhd"
#define __INT8_FMTi__ "hhi"
#define __INT8_MAX__ 127
#define __INT8_TYPE__ signed char
#define __INTMAX_C_SUFFIX__ L
#define __INTMAX_FMTd__ "ld"
#define __INTMAX_FMTi__ "li"
#define __INTMAX_MAX__ 9223372036854775807L
#define __INTMAX_TYPE__ long int
#define __INTMAX_WIDTH__ 64
#define __INTPTR_FMTd__ "ld"
#define __INTPTR_FMTi__ "li"
#define __INTPTR_MAX__ 9223372036854775807L
#define __INTPTR_TYPE__ long int
#define __INTPTR_WIDTH__ 64
#define __INT_FAST16_FMTd__ "hd"
#define __INT_FAST16_FMTi__ "hi"
#define __INT_FAST16_MAX__ 32767
#define __INT_FAST16_TYPE__ short
#define __INT_FAST32_FMTd__ "d"
#define __INT_FAST32_FMTi__ "i"
#define __INT_FAST32_MAX__ 2147483647
#define __INT_FAST32_TYPE__ int
#define __INT_FAST64_FMTd__ "lld"
#define __INT_FAST64_FMTi__ "lli"
#define __INT_FAST64_MAX__ 9223372036854775807LL
#define __INT_FAST64_TYPE__ long long int
#define __INT_FAST8_FMTd__ "hhd"
#define __INT_FAST8_FMTi__ "hhi"
#define __INT_FAST8_MAX__ 127
#define __INT_FAST8_TYPE__ signed char
#define __INT_LEAST16_FMTd__ "hd"
#define __INT_LEAST16_FMTi__ "hi"
#define __INT_LEAST16_MAX__ 32767
#define __INT_LEAST16_TYPE__ short
#define __INT_LEAST32_FMTd__ "d"
#define __INT_LEAST32_FMTi__ "i"
#define __INT_LEAST32_MAX__ 2147483647
#define __INT_LEAST32_TYPE__ int
#define __INT_LEAST64_FMTd__ "lld"
#define __INT_LEAST64_FMTi__ "lli"
#define __INT_LEAST64_MAX__ 9223372036854775807LL
#define __INT_LEAST64_TYPE__ long long int
#define __INT_LEAST8_FMTd__ "hhd"
#define __INT_LEAST8_FMTi__ "hhi"
#define __INT_LEAST8_MAX__ 127
#define __INT_LEAST8_TYPE__ signed char
#define __INT_MAX__ 2147483647
#define __LDBL_DECIMAL_DIG__ 21
#define __LDBL_DENORM_MIN__ 3.64519953188247460253e-4951L
#define __LDBL_DIG__ 18
#define __LDBL_EPSILON__ 1.08420217248550443401e-19L
#define __LDBL_HAS_DENORM__ 1
#define __LDBL_HAS_INFINITY__ 1
#define __LDBL_HAS_QUIET_NAN__ 1
#define __LDBL_MANT_DIG__ 64
#define __LDBL_MAX_10_EXP__ 4932
#define __LDBL_MAX_EXP__ 16384
#define __LDBL_MAX__ 1.18973149535723176502e+4932L
#define __LDBL_MIN_10_EXP__ (-4931)
#define __LDBL_MIN_EXP__ (-16381)
#define __LDBL_MIN__ 3.36210314311209350626e-4932L
#define __LITTLE_ENDIAN__ 1
#define __LONG_LONG_MAX__ 9223372036854775807LL
#define __LONG_MAX__ 9223372036854775807L
#define __LP64__ 1
#define __MACH__ 1
#define __MMX__ 1
#define __NO_INLINE__ 1
#define __NO_MATH_INLINES 1
#define __OBJC_BOOL_IS_BOOL 0
#define __OPENCL_MEMORY_SCOPE_ALL_SVM_DEVICES 3
#define __OPENCL_MEMORY_SCOPE_DEVICE 2
#define __OPENCL_MEMORY_SCOPE_SUB_GROUP 4
#define __OPENCL_MEMORY_SCOPE_WORK_GROUP 1
#define __OPENCL_MEMORY_SCOPE_WORK_ITEM 0
#define __ORDER_BIG_ENDIAN__ 4321
#define __ORDER_LITTLE_ENDIAN__ 1234
#define __ORDER_PDP_ENDIAN__ 3412
#define __PIC__ 2
#define __POINTER_WIDTH__ 64
#define __PRAGMA_REDEFINE_EXTNAME 1
#define __PTRDIFF_FMTd__ "ld"
#define __PTRDIFF_FMTi__ "li"
#define __PTRDIFF_MAX__ 9223372036854775807L
#define __PTRDIFF_TYPE__ long int
#define __PTRDIFF_WIDTH__ 64
#define __REGISTER_PREFIX__ 
#define __SCHAR_MAX__ 127
#define __SEG_FS 1
#define __SEG_GS 1
#define __SHRT_MAX__ 32767
#define __SIG_ATOMIC_MAX__ 2147483647
#define __SIG_ATOMIC_WIDTH__ 32
#define __SIZEOF_DOUBLE__ 8
#define __SIZEOF_FLOAT__ 4
#define __SIZEOF_INT128__ 16
#define __SIZEOF_INT__ 4
#define __SIZEOF_LONG_DOUBLE__ 16
#define __SIZEOF_LONG_LONG__ 8
#define __SIZEOF_LONG__ 8
#define __SIZEOF_POINTER__ 8
#define __SIZEOF_PTRDIFF_T__ 8
#define __SIZEOF_SHORT__ 2
#define __SIZEOF_SIZE_T__ 8
#define __SIZEOF_WCHAR_T__ 4
#define __SIZEOF_WINT_T__ 4
#define __SIZE_FMTX__ "lX"
#define __SIZE_FMTo__ "lo"
#define __SIZE_FMTu__ "lu"
#define __SIZE_FMTx__ "lx"
#define __SIZE_MAX__ 18446744073709551615UL
#define __SIZE_TYPE__ long unsigned int
#define __SIZE_WIDTH__ 64
#define __SSE2_MATH__ 1
#define __SSE2__ 1
#define __SSE3__ 1
#define __SSE4_1__ 1
#define __SSE_MATH__ 1
#define __SSE__ 1
#define __SSP__ 1
#define __SSSE3__ 1
#define __STDC_HOSTED__ 1
#define __STDC_NO_THREADS__ 1
#define __STDC_UTF_16__ 1
#define __STDC_UTF_32__ 1
#define __STDC_VERSION__ 201112L
#define __STDC__ 1
#define __UINT16_C_SUFFIX__ 
#define __UINT16_FMTX__ "hX"
#define __UINT16_FMTo__ "ho"
#define __UINT16_FMTu__ "hu"
#define __UINT16_FMTx__ "hx"
#define __UINT16_MAX__ 65535
#define __UINT16_TYPE__ unsigned short
#define __UINT32_C_SUFFIX__ U
#define __UINT32_FMTX__ "X"
#define __UINT32_FMTo__ "o"
#define __UINT32_FMTu__ "u"
#define __UINT32_FMTx__ "x"
#define __UINT32_MAX__ 4294967295U
#define __UINT32_TYPE__ unsigned int
#define __UINT64_C_SUFFIX__ ULL
#define __UINT64_FMTX__ "llX"
#define __UINT64_FMTo__ "llo"
#define __UINT64_FMTu__ "llu"
#define __UINT64_FMTx__ "llx"
#define __UINT64_MAX__ 18446744073709551615ULL
#define __UINT64_TYPE__ long long unsigned int
#define __UINT8_C_SUFFIX__ 
#define __UINT8_FMTX__ "hhX"
#define __UINT8_FMTo__ "hho"
#define __UINT8_FMTu__ "hhu"
#define __UINT8_FMTx__ "hhx"
#define __UINT8_MAX__ 255
#define __UINT8_TYPE__ unsigned char
#define __UINTMAX_C_SUFFIX__ UL
#define __UINTMAX_FMTX__ "lX"
#define __UINTMAX_FMTo__ "lo"
#define __UINTMAX_FMTu__ "lu"
#define __UINTMAX_FMTx__ "lx"
#define __UINTMAX_MAX__ 18446744073709551615UL
#define __UINTMAX_TYPE__ long unsigned int
#define __UINTMAX_WIDTH__ 64
#define __UINTPTR_FMTX__ "lX"
#define __UINTPTR_FMTo__ "lo"
#define __UINTPTR_FMTu__ "lu"
#define __UINTPTR_FMTx__ "lx"
#define __UINTPTR_MAX__ 18446744073709551615UL
#define __UINTPTR_TYPE__ long unsigned int
#define __UINTPTR_WIDTH__ 64
#define __UINT_FAST16_FMTX__ "hX"
#define __UINT_FAST16_FMTo__ "ho"
#define __UINT_FAST16_FMTu__ "hu"
#define __UINT_FAST16_FMTx__ "hx"
#define __UINT_FAST16_MAX__ 65535
#define __UINT_FAST16_TYPE__ unsigned short
#define __UINT_FAST32_FMTX__ "X"
#define __UINT_FAST32_FMTo__ "o"
#define __UINT_FAST32_FMTu__ "u"
#define __UINT_FAST32_FMTx__ "x"
#define __UINT_FAST32_MAX__ 4294967295U
#define __UINT_FAST32_TYPE__ unsigned int
#define __UINT_FAST64_FMTX__ "llX"
#define __UINT_FAST64_FMTo__ "llo"
#define __UINT_FAST64_FMTu__ "llu"
#define __UINT_FAST64_FMTx__ "llx"
#define __UINT_FAST64_MAX__ 18446744073709551615ULL
#define __UINT_FAST64_TYPE__ long long unsigned int
#define __UINT_FAST8_FMTX__ "hhX"
#define __UINT_FAST8_FMTo__ "hho"
#define __UINT_FAST8_FMTu__ "hhu"
#define __UINT_FAST8_FMTx__ "hhx"
#define __UINT_FAST8_MAX__ 255
#define __UINT_FAST8_TYPE__ unsigned char
#define __UINT_LEAST16_FMTX__ "hX"
#define __UINT_LEAST16_FMTo__ "ho"
#define __UINT_LEAST16_FMTu__ "hu"
#define __UINT_LEAST16_FMTx__ "hx"
#define __UINT_LEAST16_MAX__ 65535
#define __UINT_LEAST16_TYPE__ unsigned short
#define __UINT_LEAST32_FMTX__ "X"
#define __UINT_LEAST32_FMTo__ "o"
#define __UINT_LEAST32_FMTu__ "u"
#define __UINT_LEAST32_FMTx__ "x"
#define __UINT_LEAST32_MAX__ 4294967295U
#define __UINT_LEAST32_TYPE__ unsigned int
#define __UINT_LEAST64_FMTX__ "llX"
#define __UINT_LEAST64_FMTo__ "llo"
#define __UINT_LEAST64_FMTu__ "llu"
#define __UINT_LEAST64_FMTx__ "llx"
#define __UINT_LEAST64_MAX__ 18446744073709551615ULL
#define __UINT_LEAST64_TYPE__ long long unsigned int
#define __UINT_LEAST8_FMTX__ "hhX"
#define __UINT_LEAST8_FMTo__ "hho"
#define __UINT_LEAST8_FMTu__ "hhu"
#define __UINT_LEAST8_FMTx__ "hhx"
#define __UINT_LEAST8_MAX__ 255
#define __UINT_LEAST8_TYPE__ unsigned char
#define __USER_LABEL_PREFIX__ _
#define __VERSION__ "Apple LLVM 12.0.0 (clang-1200.0.32.27)"
#define __WCHAR_MAX__ 2147483647
#define __WCHAR_TYPE__ int
#define __WCHAR_WIDTH__ 32
#define __WINT_MAX__ 2147483647
#define __WINT_TYPE__ int
#define __WINT_WIDTH__ 32
#define __amd64 1
#define __amd64__ 1
#define __apple_build_version__ 12000032
#define __block __attribute__((__blocks__(byref)))
#define __clang__ 1
#define __clang_major__ 12
#define __clang_minor__ 0
#define __clang_patchlevel__ 0
#define __clang_version__ "12.0.0 (clang-1200.0.32.27)"
#define __code_model_small_ 1
#define __core2 1
#define __core2__ 1
#define __llvm__ 1
#define __nonnull _Nonnull
#define __null_unspecified _Null_unspecified
#define __nullable _Nullable
#define __pic__ 2
#define __seg_fs __attribute__((address_space(257)))
#define __seg_gs __attribute__((address_space(256)))
#define __strong 
#define __tune_core2__ 1
#define __unsafe_unretained 
#define __weak __attribute__((objc_gc(weak)))
#define __x86_64 1
#define __x86_64__ 1

find program=['llvm-ar', 'ar'] paths=['/opt/local/bin', '/opt/local/sbin', '/usr/local/bin', '/usr/bin', '/bin', '/usr/sbin', '/sbin', '/Library/TeX/texbin', '/usr/local/go/bin', '/Library/Apple/usr/bin'] var='AR' -> ['/usr/bin/ar']
(tool ar is already loaded, skipping)
/usr/bin/clang++
----------------------------------------
Checking for program 'python'
/System/Library/Frameworks/Python.framework/Versions/2.7/Resources/Python.app/Contents/MacOS/Python
find program=['python'] paths=['/opt/local/bin', '/opt/local/sbin', '/usr/local/bin', '/usr/bin', '/bin', '/usr/sbin', '/sbin', '/Library/TeX/texbin', '/usr/local/go/bin', '/Library/Apple/usr/bin'] var='PYTHON' -> ['/System/Library/Frameworks/Python.framework/Versions/2.7/Resources/Python.app/Contents/MacOS/Python']
['/System/Library/Frameworks/Python.framework/Versions/2.7/Resources/Python.app/Contents/MacOS/Python', '-c', 'import imp;print(imp.get_tag())']
err: Traceback (most recent call last):
  File "<string>", line 1, in <module>
AttributeError: 'module' object has no attribute 'get_tag'

['/System/Library/Frameworks/Python.framework/Versions/2.7/Resources/Python.app/Contents/MacOS/Python', '-c', 'import sys\nfor x in sys.version_info: print(str(x))']
out: 2
7
16
final
0

['/System/Library/Frameworks/Python.framework/Versions/2.7/Resources/Python.app/Contents/MacOS/Python', '-c', "from distutils.sysconfig import get_config_var, get_python_lib\n\nprint(repr(get_python_lib(standard_lib=0, prefix='/usr/local') or ''))"]
out: '/usr/local/lib/python2.7/site-packages'

'/usr/local/lib/python2.7/site-packages'

['/System/Library/Frameworks/Python.framework/Versions/2.7/Resources/Python.app/Contents/MacOS/Python', '-c', "from distutils.sysconfig import get_config_var, get_python_lib\n\nprint(repr(get_python_lib(plat_specific=1, standard_lib=0, prefix='/usr/local') or ''))"]
out: '/usr/local/lib/python2.7/site-packages'

'/usr/local/lib/python2.7/site-packages'

----------------------------------------
Checking for python version
(2, 7, 16, 'final', 0)
['/System/Library/Frameworks/Python.framework/Versions/2.7/Resources/Python.app/Contents/MacOS/Python', '-c', "from distutils.sysconfig import get_config_var, get_python_lib\n\nprint(repr(get_config_var('prefix') or ''))\nprint(repr(get_config_var('SO') or ''))\nprint(repr(get_config_var('LDFLAGS') or ''))\nprint(repr(get_config_var('LIBDIR') or ''))\nprint(repr(get_config_var('LIBPL') or ''))\nprint(repr(get_config_var('INCLUDEPY') or ''))\nprint(repr(get_config_var('Py_ENABLE_SHARED') or ''))\nprint(repr(get_config_var('MACOSX_DEPLOYMENT_TARGET') or ''))\nprint(repr(get_config_var('LDSHARED') or ''))\nprint(repr(get_config_var('CFLAGS') or ''))\nprint(repr(get_config_var('LDVERSION') or ''))"]
out: '/System/Library/Frameworks/Python.framework/Versions/2.7'
'.so'
'             -Wl,-F. -L/AppleInternal/BuildRoot/Applications/Xcode.app/Contents/Developer/Platforms/MacOSX.platform/Developer/SDKs/MacOSX11.0.Internal.sdk/usr/local/libressl/lib'
'/System/Library/Frameworks/Python.framework/Versions/2.7/lib'
'/System/Library/Frameworks/Python.framework/Versions/2.7/lib/python2.7/config'
'/System/Library/Frameworks/Python.framework/Versions/2.7/include/python2.7'
''
'11.0'
'cc -bundle -undefined dynamic_lookup              -Wl,-F. -L/AppleInternal/BuildRoot/Applications/Xcode.app/Contents/Developer/Platforms/MacOSX.platform/Developer/SDKs/MacOSX11.0.Internal.sdk/usr/local/libressl/lib'
'-fno-strict-aliasing -fno-common -dynamic   -g -Os -pipe -fno-common -fno-strict-aliasing -fwrapv -DENABLE_DTRACE -DMACOSX -DNDEBUG -Wall -Wstrict-prototypes -Wshorten-64-to-32 -iwithsysroot /usr/local/libressl/include -DNDEBUG -g -fwrapv -Os -Wall -Wstrict-prototypes -DENABLE_DTRACE'
''

'/System/Library/Frameworks/Python.framework/Versions/2.7'
'.so'
'             -Wl,-F. -L/AppleInternal/BuildRoot/Applications/Xcode.app/Contents/Developer/Platforms/MacOSX.platform/Developer/SDKs/MacOSX11.0.Internal.sdk/usr/local/libressl/lib'
'/System/Library/Frameworks/Python.framework/Versions/2.7/lib'
'/System/Library/Frameworks/Python.framework/Versions/2.7/lib/python2.7/config'
'/System/Library/Frameworks/Python.framework/Versions/2.7/include/python2.7'
''
'11.0'
'cc -bundle -undefined dynamic_lookup              -Wl,-F. -L/AppleInternal/BuildRoot/Applications/Xcode.app/Contents/Developer/Platforms/MacOSX.platform/Developer/SDKs/MacOSX11.0.Internal.sdk/usr/local/libressl/lib'
'-fno-strict-aliasing -fno-common -dynamic   -g -Os -pipe -fno-common -fno-strict-aliasing -fwrapv -DENABLE_DTRACE -DMACOSX -DNDEBUG -Wall -Wstrict-prototypes -Wshorten-64-to-32 -iwithsysroot /usr/local/libressl/include -DNDEBUG -g -fwrapv -Os -Wall -Wstrict-prototypes -DENABLE_DTRACE'
''

Configuration returned from ['/System/Library/Frameworks/Python.framework/Versions/2.7/Resources/Python.app/Contents/MacOS/Python']:
prefix = '/System/Library/Frameworks/Python.framework/Versions/2.7'
SO = '.so'
LDFLAGS = '             -Wl,-F. -L/AppleInternal/BuildRoot/Applications/Xcode.app/Contents/Developer/Platforms/MacOSX.platform/Developer/SDKs/MacOSX11.0.Internal.sdk/usr/local/libressl/lib'
LIBDIR = '/System/Library/Frameworks/Python.framework/Versions/2.7/lib'
LIBPL = '/System/Library/Frameworks/Python.framework/Versions/2.7/lib/python2.7/config'
INCLUDEPY = '/System/Library/Frameworks/Python.framework/Versions/2.7/include/python2.7'
Py_ENABLE_SHARED = ''
MACOSX_DEPLOYMENT_TARGET = '11.0'
LDSHARED = 'cc -bundle -undefined dynamic_lookup              -Wl,-F. -L/AppleInternal/BuildRoot/Applications/Xcode.app/Contents/Developer/Platforms/MacOSX.platform/Developer/SDKs/MacOSX11.0.Internal.sdk/usr/local/libressl/lib'
CFLAGS = '-fno-strict-aliasing -fno-common -dynamic   -g -Os -pipe -fno-common -fno-strict-aliasing -fwrapv -DENABLE_DTRACE -DMACOSX -DNDEBUG -Wall -Wstrict-prototypes -Wshorten-64-to-32 -iwithsysroot /usr/local/libressl/include -DNDEBUG -g -fwrapv -Os -Wall -Wstrict-prototypes -DENABLE_DTRACE'
LDVERSION = ''

----------------------------------------
python-config
/usr/bin/python2.7-config
find program=['/System/Library/Frameworks/Python.framework/Versions/2.7/Resources/Python.app/Contents/MacOS/Python-config', 'python2.7-config', 'python-config-2.7', 'python2.7m-config'] paths=['/opt/local/bin', '/opt/local/sbin', '/usr/local/bin', '/usr/bin', '/bin', '/usr/sbin', '/sbin', '/Library/TeX/texbin', '/usr/local/go/bin', '/Library/Apple/usr/bin'] var='PYTHON_CONFIG' -> ['/usr/bin/python2.7-config']
------------------------------------------------------------------
Asking python-config for pyembed '--cflags --libs --ldflags' flags
['/usr/bin/python2.7-config', '--cflags', '--libs', '--ldflags']
out: -iwithsysroot /System/Library/Frameworks/Python.framework/Versions/2.7/include/python2.7 -iwithsysroot /System/Library/Frameworks/Python.framework/Versions/2.7/include/python2.7 -fno-strict-aliasing -fno-common -dynamic -g -Os -pipe -fno-common -fno-strict-aliasing -fwrapv -DENABLE_DTRACE -DMACOSX -DNDEBUG -Wall -Wstrict-prototypes -Wshorten-64-to-32 -iwithsysroot /usr/local/libressl/include -DNDEBUG -g -fwrapv -Os -Wall -Wstrict-prototypes -DENABLE_DTRACE
-lpython2.7 -ldl -framework CoreFoundation
-L/System/Library/Frameworks/Python.framework/Versions/2.7/lib/python2.7/config -lpython2.7 -ldl -framework CoreFoundation

yes
------------------------------------------------------------------
Testing pyembed configuration
==>

#include <Python.h>
#ifdef __cplusplus
extern "C" {
#endif
	void Py_Initialize(void);
	void Py_Finalize(void);
#ifdef __cplusplus
}
#endif
int main(int argc, char **argv)
{
   (void)argc; (void)argv;
   Py_Initialize();
   Py_Finalize();
   return 0;
}

<==
[1/2] Compiling [32mbuild/.conf_check_f238b3e137f0cd3b8e8bc89feca69941/test.cpp[0m

['/usr/bin/clang++', '-Wno-error', '-std=c++11', '-iwithsysroot', '/System/Library/Frameworks/Python.framework/Versions/2.7/include/python2.7', '-iwithsysroot', '/System/Library/Frameworks/Python.framework/Versions/2.7/include/python2.7', '-iwithsysroot', '/usr/local/libressl/include', '-fno-strict-aliasing', '-fno-common', '-dynamic', '-fno-common', '-fno-strict-aliasing', '-fwrapv', '-fwrapv', '-DNS3_BUILD_PROFILE_DEBUG', '-DNS3_ASSERT_ENABLE', '-DNS3_LOG_ENABLE', '-DPYTHONDIR="/usr/local/lib/python2.7/site-packages"', '-DPYTHONARCHDIR="/usr/local/lib/python2.7/site-packages"', '-DHAVE_PYEMBED=1', '-DENABLE_DTRACE', '-DMACOSX', '-DNDEBUG', '-DNDEBUG', '-DENABLE_DTRACE', '../test.cpp', '-c', '-o', '/Users/gaoxiong/Documents/1_Research/Alibaba Innovative Research/experiment.nosync/ns-allinone-3.27/ns-3.27/build/.conf_check_f238b3e137f0cd3b8e8bc89feca69941/testbuild/test.cpp.1.o']
[2/2] Linking [33mbuild/.conf_check_f238b3e137f0cd3b8e8bc89feca69941/testbuild/testprog[0m

['/usr/bin/clang++', 'test.cpp.1.o', '-o', '/Users/gaoxiong/Documents/1_Research/Alibaba Innovative Research/experiment.nosync/ns-allinone-3.27/ns-3.27/build/.conf_check_f238b3e137f0cd3b8e8bc89feca69941/testbuild/testprog', '-framework', 'CoreFoundation', '-L/System/Library/Frameworks/Python.framework/Versions/2.7/lib/python2.7/config', '-lpython2.7', '-ldl']
yes
------------------------------------------------------------------
Asking python-config for pyext '--cflags --libs --ldflags' flags
['/usr/bin/python2.7-config', '--cflags', '--libs', '--ldflags']
out: -iwithsysroot /System/Library/Frameworks/Python.framework/Versions/2.7/include/python2.7 -iwithsysroot /System/Library/Frameworks/Python.framework/Versions/2.7/include/python2.7 -fno-strict-aliasing -fno-common -dynamic -g -Os -pipe -fno-common -fno-strict-aliasing -fwrapv -DENABLE_DTRACE -DMACOSX -DNDEBUG -Wall -Wstrict-prototypes -Wshorten-64-to-32 -iwithsysroot /usr/local/libressl/include -DNDEBUG -g -fwrapv -Os -Wall -Wstrict-prototypes -DENABLE_DTRACE
-lpython2.7 -ldl -framework CoreFoundation
-L/System/Library/Frameworks/Python.framework/Versions/2.7/lib/python2.7/config -lpython2.7 -ldl -framework CoreFoundation

yes
------------------------------------------------------------------
Testing pyext configuration
==>

#include <Python.h>
#ifdef __cplusplus
extern "C" {
#endif
	void Py_Initialize(void);
	void Py_Finalize(void);
#ifdef __cplusplus
}
#endif
int main(int argc, char **argv)
{
   (void)argc; (void)argv;
   Py_Initialize();
   Py_Finalize();
   return 0;
}

<==
[1/2] Compiling [32mbuild/.conf_check_48f83cd2527bb0acb415a7f737497ff1/test.cpp[0m

['/usr/bin/clang++', '-Wno-error', '-std=c++11', '-iwithsysroot', '/System/Library/Frameworks/Python.framework/Versions/2.7/include/python2.7', '-iwithsysroot', '/System/Library/Frameworks/Python.framework/Versions/2.7/include/python2.7', '-iwithsysroot', '/usr/local/libressl/include', '-iwithsysroot', '/System/Library/Frameworks/Python.framework/Versions/2.7/include/python2.7', '-iwithsysroot', '/System/Library/Frameworks/Python.framework/Versions/2.7/include/python2.7', '-iwithsysroot', '/usr/local/libressl/include', '-fPIC', '-fno-strict-aliasing', '-fno-common', '-dynamic', '-fno-common', '-fno-strict-aliasing', '-fwrapv', '-fwrapv', '-fPIC', '-DNS3_BUILD_PROFILE_DEBUG', '-DNS3_ASSERT_ENABLE', '-DNS3_LOG_ENABLE', '-DPYTHONDIR="/usr/local/lib/python2.7/site-packages"', '-DPYTHONARCHDIR="/usr/local/lib/python2.7/site-packages"', '-DHAVE_PYEMBED=1', '-DHAVE_PYEXT=1', '-DENABLE_DTRACE', '-DMACOSX', '-DNDEBUG', '-DNDEBUG', '-DENABLE_DTRACE', '../test.cpp', '-c', '-o', '/Users/gaoxiong/Documents/1_Research/Alibaba Innovative Research/experiment.nosync/ns-allinone-3.27/ns-3.27/build/.conf_check_48f83cd2527bb0acb415a7f737497ff1/testbuild/test.cpp.1.o']
[2/2] Linking [33mbuild/.conf_check_48f83cd2527bb0acb415a7f737497ff1/testbuild/testprog.so[0m

['/usr/bin/clang++', '-bundle', '-undefined', 'dynamic_lookup', 'test.cpp.1.o', '-o', '/Users/gaoxiong/Documents/1_Research/Alibaba Innovative Research/experiment.nosync/ns-allinone-3.27/ns-3.27/build/.conf_check_48f83cd2527bb0acb415a7f737497ff1/testbuild/testprog.so', '-framework', 'CoreFoundation', '-L/System/Library/Frameworks/Python.framework/Versions/2.7/lib/python2.7/config', '-lpython2.7', '-ldl']
yes
------------------------------------------------------------------
Checking for compilation flag -Wno-array-bounds support
==>
int main() { return 0; }
<==
[1/1] Compiling [32mbuild/.conf_check_70db55ed80558f0d64d3a30c0ba85265/test.cpp[0m

['/usr/bin/clang++', '-Wno-error', '-std=c++11', '-iwithsysroot', '/System/Library/Frameworks/Python.framework/Versions/2.7/include/python2.7', '-iwithsysroot', '/System/Library/Frameworks/Python.framework/Versions/2.7/include/python2.7', '-iwithsysroot', '/usr/local/libressl/include', '-iwithsysroot', '/System/Library/Frameworks/Python.framework/Versions/2.7/include/python2.7', '-iwithsysroot', '/System/Library/Frameworks/Python.framework/Versions/2.7/include/python2.7', '-iwithsysroot', '/usr/local/libressl/include', '-Wno-array-bounds', '-DNS3_BUILD_PROFILE_DEBUG', '-DNS3_ASSERT_ENABLE', '-DNS3_LOG_ENABLE', '-DPYTHONDIR="/usr/local/lib/python2.7/site-packages"', '-DPYTHONARCHDIR="/usr/local/lib/python2.7/site-packages"', '-DHAVE_PYEMBED=1', '-DHAVE_PYEXT=1', '-DHAVE_PYTHON_H=1', '../test.cpp', '-c', '-o', '/Users/gaoxiong/Documents/1_Research/Alibaba Innovative Research/experiment.nosync/ns-allinone-3.27/ns-3.27/build/.conf_check_70db55ed80558f0d64d3a30c0ba85265/testbuild/test.cpp.1.o']
ok
------------------------------------------------------------------
Checking for pybindgen location
../pybindgen-0.17.0.post58+ngcf00cc0 (given)
------------------------------------------------------------------
Checking for python module 'pybindgen'
['/System/Library/Frameworks/Python.framework/Versions/2.7/Resources/Python.app/Contents/MacOS/Python', '-c', "\nimport pybindgen as current_module\nversion = getattr(current_module, '__version__', None)\nif version is not None:\n\tprint(str(version))\nelse:\n\tprint('unknown version')\n"]
out: 0.17.0.post58+gcf00cc0

0.17.0.post58+gcf00cc0
------------------------------------------------------------------
Checking for pybindgen version
0.17.0.post58+gcf00cc0
------------------------------------------------------------------
Checking for code snippet
==>

#include <stdint.h>
#include <vector>

int main ()
{
   std::vector< uint64_t > t = std::vector< unsigned long > ();
   return 0;
}

<==
[1/1] Compiling [32mbuild/.conf_check_d5a10fb07142d50f0405b823d01ca20a/test.cpp[0m

['/usr/bin/clang++', '-Wno-error', '-std=c++11', '-iwithsysroot', '/System/Library/Frameworks/Python.framework/Versions/2.7/include/python2.7', '-iwithsysroot', '/System/Library/Frameworks/Python.framework/Versions/2.7/include/python2.7', '-iwithsysroot', '/usr/local/libressl/include', '-iwithsysroot', '/System/Library/Frameworks/Python.framework/Versions/2.7/include/python2.7', '-iwithsysroot', '/System/Library/Frameworks/Python.framework/Versions/2.7/include/python2.7', '-iwithsysroot', '/usr/local/libressl/include', '-DNS3_BUILD_PROFILE_DEBUG', '-DNS3_ASSERT_ENABLE', '-DNS3_LOG_ENABLE', '-DPYTHONDIR="/usr/local/lib/python2.7/site-packages"', '-DPYTHONARCHDIR="/usr/local/lib/python2.7/site-packages"', '-DHAVE_PYEMBED=1', '-DHAVE_PYEXT=1', '-DHAVE_PYTHON_H=1', '../test.cpp', '-c', '-o', '/Users/gaoxiong/Documents/1_Research/Alibaba Innovative Research/experiment.nosync/ns-allinone-3.27/ns-3.27/build/.conf_check_d5a10fb07142d50f0405b823d01ca20a/testbuild/test.cpp.1.o']
err: ../test.cpp:7:28: error: no viable conversion from 'vector<unsigned long>' to 'vector<uint64_t>'
   std::vector< uint64_t > t = std::vector< unsigned long > ();
                           ^   ~~~~~~~~~~~~~~~~~~~~~~~~~~~~~~~
/Library/Developer/CommandLineTools/usr/bin/../include/c++/v1/vector:557:5: note: candidate constructor not viable: no known conversion from 'std::vector<unsigned long>' to 'const std::__1::vector<unsigned long long, std::__1::allocator<unsigned long long> > &' for 1st argument
    vector(const vector& __x);
    ^
/Library/Developer/CommandLineTools/usr/bin/../include/c++/v1/vector:564:5: note: candidate constructor not viable: no known conversion from 'std::vector<unsigned long>' to 'initializer_list<std::__1::vector<unsigned long long, std::__1::allocator<unsigned long long> >::value_type>' (aka 'initializer_list<unsigned long long>') for 1st argument
    vector(initializer_list<value_type> __il);
    ^
/Library/Developer/CommandLineTools/usr/bin/../include/c++/v1/vector:570:5: note: candidate constructor not viable: no known conversion from 'std::vector<unsigned long>' to 'std::__1::vector<unsigned long long, std::__1::allocator<unsigned long long> > &&' for 1st argument
    vector(vector&& __x)
    ^
1 error generated.

from /Users/gaoxiong/Documents/1_Research/Alibaba Innovative Research/experiment.nosync/ns-allinone-3.27/ns-3.27/bindings/python: Test does not build: Traceback (most recent call last):
  File "/Users/gaoxiong/Documents/1_Research/Alibaba Innovative Research/experiment.nosync/ns-allinone-3.27/ns-3.27/.waf-1.8.19-b1fc8f7baef51bd2db4c2971909a568d/waflib/Configure.py", line 335, in run_build
    bld.compile()
  File "/Users/gaoxiong/Documents/1_Research/Alibaba Innovative Research/experiment.nosync/ns-allinone-3.27/ns-3.27/.waf-1.8.19-b1fc8f7baef51bd2db4c2971909a568d/waflib/Build.py", line 185, in compile
    raise Errors.BuildError(self.producer.error)
BuildError: Build failed
 -> task in 'testprog' failed (exit status 1): 
	{task 4370341456: cxx test.cpp -> test.cpp.1.o}
['/usr/bin/clang++', '-Wno-error', '-std=c++11', '-iwithsysroot', '/System/Library/Frameworks/Python.framework/Versions/2.7/include/python2.7', '-iwithsysroot', '/System/Library/Frameworks/Python.framework/Versions/2.7/include/python2.7', '-iwithsysroot', '/usr/local/libressl/include', '-iwithsysroot', '/System/Library/Frameworks/Python.framework/Versions/2.7/include/python2.7', '-iwithsysroot', '/System/Library/Frameworks/Python.framework/Versions/2.7/include/python2.7', '-iwithsysroot', '/usr/local/libressl/include', '-DNS3_BUILD_PROFILE_DEBUG', '-DNS3_ASSERT_ENABLE', '-DNS3_LOG_ENABLE', '-DPYTHONDIR="/usr/local/lib/python2.7/site-packages"', '-DPYTHONARCHDIR="/usr/local/lib/python2.7/site-packages"', '-DHAVE_PYEMBED=1', '-DHAVE_PYEXT=1', '-DHAVE_PYTHON_H=1', '../test.cpp', '-c', '-o', '/Users/gaoxiong/Documents/1_Research/Alibaba Innovative Research/experiment.nosync/ns-allinone-3.27/ns-3.27/build/.conf_check_d5a10fb07142d50f0405b823d01ca20a/testbuild/test.cpp.1.o']

no
from /Users/gaoxiong/Documents/1_Research/Alibaba Innovative Research/experiment.nosync/ns-allinone-3.27/ns-3.27/bindings/python: The configuration failed
------------------------------------------------------------------
Checking for types uint64_t and unsigned long equivalence
yes
------------------------------------------------------------------
Checking for code snippet
==>

#include <stdint.h>
#include <vector>

int main ()
{
   std::vector< uint64_t > t = std::vector< unsigned long long > ();
   return 0;
}

<==
[1/1] Compiling [32mbuild/.conf_check_73204cc9567942e4bc16f1f4ac8e268a/test.cpp[0m

['/usr/bin/clang++', '-Wno-error', '-std=c++11', '-iwithsysroot', '/System/Library/Frameworks/Python.framework/Versions/2.7/include/python2.7', '-iwithsysroot', '/System/Library/Frameworks/Python.framework/Versions/2.7/include/python2.7', '-iwithsysroot', '/usr/local/libressl/include', '-iwithsysroot', '/System/Library/Frameworks/Python.framework/Versions/2.7/include/python2.7', '-iwithsysroot', '/System/Library/Frameworks/Python.framework/Versions/2.7/include/python2.7', '-iwithsysroot', '/usr/local/libressl/include', '-DNS3_BUILD_PROFILE_DEBUG', '-DNS3_ASSERT_ENABLE', '-DNS3_LOG_ENABLE', '-DPYTHONDIR="/usr/local/lib/python2.7/site-packages"', '-DPYTHONARCHDIR="/usr/local/lib/python2.7/site-packages"', '-DHAVE_PYEMBED=1', '-DHAVE_PYEXT=1', '-DHAVE_PYTHON_H=1', '../test.cpp', '-c', '-o', '/Users/gaoxiong/Documents/1_Research/Alibaba Innovative Research/experiment.nosync/ns-allinone-3.27/ns-3.27/build/.conf_check_73204cc9567942e4bc16f1f4ac8e268a/testbuild/test.cpp.1.o']
yes
------------------------------------------------------------------
Checking for types uint64_t and unsigned long long equivalence
no
------------------------------------------------------------------
Checking for the apidefs that can be used for Python bindings
gcc-ILP32
------------------------------------------------------------------
Checking for internal GCC cxxabi
==>

# include <cxxabi.h>
int main ()
{
   const abi::__si_class_type_info *_typeinfo  __attribute__((unused)) = NULL;
   return 0;
}

<==
[1/2] Compiling [32mbuild/.conf_check_b59589ebc465ca68ba4844e6bdc56846/test.cpp[0m

['/usr/bin/clang++', '-Wno-error', '-std=c++11', '-iwithsysroot', '/System/Library/Frameworks/Python.framework/Versions/2.7/include/python2.7', '-iwithsysroot', '/System/Library/Frameworks/Python.framework/Versions/2.7/include/python2.7', '-iwithsysroot', '/usr/local/libressl/include', '-iwithsysroot', '/System/Library/Frameworks/Python.framework/Versions/2.7/include/python2.7', '-iwithsysroot', '/System/Library/Frameworks/Python.framework/Versions/2.7/include/python2.7', '-iwithsysroot', '/usr/local/libressl/include', '-DNS3_BUILD_PROFILE_DEBUG', '-DNS3_ASSERT_ENABLE', '-DNS3_LOG_ENABLE', '-DPYTHONDIR="/usr/local/lib/python2.7/site-packages"', '-DPYTHONARCHDIR="/usr/local/lib/python2.7/site-packages"', '-DHAVE_PYEMBED=1', '-DHAVE_PYEXT=1', '-DHAVE_PYTHON_H=1', '../test.cpp', '-c', '-o', '/Users/gaoxiong/Documents/1_Research/Alibaba Innovative Research/experiment.nosync/ns-allinone-3.27/ns-3.27/build/.conf_check_b59589ebc465ca68ba4844e6bdc56846/testbuild/test.cpp.1.o']
err: ../test.cpp:5:15: error: no type named '__si_class_type_info' in namespace '__cxxabiv1'
   const abi::__si_class_type_info *_typeinfo  __attribute__((unused)) = NULL;
         ~~~~~^
1 error generated.

from /Users/gaoxiong/Documents/1_Research/Alibaba Innovative Research/experiment.nosync/ns-allinone-3.27/ns-3.27/bindings/python: Test does not build: Traceback (most recent call last):
  File "/Users/gaoxiong/Documents/1_Research/Alibaba Innovative Research/experiment.nosync/ns-allinone-3.27/ns-3.27/.waf-1.8.19-b1fc8f7baef51bd2db4c2971909a568d/waflib/Configure.py", line 335, in run_build
    bld.compile()
  File "/Users/gaoxiong/Documents/1_Research/Alibaba Innovative Research/experiment.nosync/ns-allinone-3.27/ns-3.27/.waf-1.8.19-b1fc8f7baef51bd2db4c2971909a568d/waflib/Build.py", line 185, in compile
    raise Errors.BuildError(self.producer.error)
BuildError: Build failed
 -> task in 'testprog' failed (exit status 1): 
	{task 4370340176: cxx test.cpp -> test.cpp.1.o}
['/usr/bin/clang++', '-Wno-error', '-std=c++11', '-iwithsysroot', '/System/Library/Frameworks/Python.framework/Versions/2.7/include/python2.7', '-iwithsysroot', '/System/Library/Frameworks/Python.framework/Versions/2.7/include/python2.7', '-iwithsysroot', '/usr/local/libressl/include', '-iwithsysroot', '/System/Library/Frameworks/Python.framework/Versions/2.7/include/python2.7', '-iwithsysroot', '/System/Library/Frameworks/Python.framework/Versions/2.7/include/python2.7', '-iwithsysroot', '/usr/local/libressl/include', '-DNS3_BUILD_PROFILE_DEBUG', '-DNS3_ASSERT_ENABLE', '-DNS3_LOG_ENABLE', '-DPYTHONDIR="/usr/local/lib/python2.7/site-packages"', '-DPYTHONARCHDIR="/usr/local/lib/python2.7/site-packages"', '-DHAVE_PYEMBED=1', '-DHAVE_PYEXT=1', '-DHAVE_PYTHON_H=1', '../test.cpp', '-c', '-o', '/Users/gaoxiong/Documents/1_Research/Alibaba Innovative Research/experiment.nosync/ns-allinone-3.27/ns-3.27/build/.conf_check_b59589ebc465ca68ba4844e6bdc56846/testbuild/test.cpp.1.o']

incomplete
from /Users/gaoxiong/Documents/1_Research/Alibaba Innovative Research/experiment.nosync/ns-allinone-3.27/ns-3.27/bindings/python: The configuration failed
------------------------------------------------------------------
Checking for python module 'pygccxml'
['/System/Library/Frameworks/Python.framework/Versions/2.7/Resources/Python.app/Contents/MacOS/Python', '-c', "\nimport pygccxml as current_module\nversion = getattr(current_module, '__version__', None)\nif version is not None:\n\tprint(str(version))\nelse:\n\tprint('unknown version')\n"]
err: Traceback (most recent call last):
  File "<string>", line 2, in <module>
ImportError: No module named pygccxml

not found
from /Users/gaoxiong/Documents/1_Research/Alibaba Innovative Research/experiment.nosync/ns-allinone-3.27/ns-3.27/bindings/python: Could not find the python module 'pygccxml'
------------------------------------------------------------------
Checking boost includes
headers not found, please provide a --boost-includes argument (see help)
from /Users/gaoxiong/Documents/1_Research/Alibaba Innovative Research/experiment.nosync/ns-allinone-3.27/ns-3.27/src: The configuration failed
------------------------------------------------------------------
Checking boost includes
headers not found, please provide a --boost-includes argument (see help)
from /Users/gaoxiong/Documents/1_Research/Alibaba Innovative Research/experiment.nosync/ns-allinone-3.27/ns-3.27/src: The configuration failed
------------------------------------------------------------------
Checking for click location
not found
------------------------------------------------------------------
Checking for program 'pkg-config'
not found
find program=['pkg-config'] paths=['/opt/local/bin', '/opt/local/sbin', '/usr/local/bin', '/usr/bin', '/bin', '/usr/sbin', '/sbin', '/Library/TeX/texbin', '/usr/local/go/bin', '/Library/Apple/usr/bin'] var='PKGCONFIG' -> None
from /Users/gaoxiong/Documents/1_Research/Alibaba Innovative Research/experiment.nosync/ns-allinone-3.27/ns-3.27/src/config-store: Could not find the program ['pkg-config']
------------------------------------------------------------------
Checking for program 'pkg-config'
not found
find program=['pkg-config'] paths=['/opt/local/bin', '/opt/local/sbin', '/usr/local/bin', '/usr/bin', '/bin', '/usr/sbin', '/sbin', '/Library/TeX/texbin', '/usr/local/go/bin', '/Library/Apple/usr/bin'] var='PKGCONFIG' -> None
from /Users/gaoxiong/Documents/1_Research/Alibaba Innovative Research/experiment.nosync/ns-allinone-3.27/ns-3.27/src/config-store: Could not find the program ['pkg-config']
------------------------------------------------------------------
Checking for type uint128_t
==>
#include <stdint.h>

int main(int argc, char **argv) {
	(void)argc; (void)argv;
	if ((uint128_t *) 0) return 0;
	if (sizeof (uint128_t)) return 0;
	return 1;
}

<==
[1/2] Compiling [32mbuild/.conf_check_0313c99da2cd1983c031e498075ab88d/test.cpp[0m

['/usr/bin/clang++', '-Wno-error', '-std=c++11', '-iwithsysroot', '/System/Library/Frameworks/Python.framework/Versions/2.7/include/python2.7', '-iwithsysroot', '/System/Library/Frameworks/Python.framework/Versions/2.7/include/python2.7', '-iwithsysroot', '/usr/local/libressl/include', '-iwithsysroot', '/System/Library/Frameworks/Python.framework/Versions/2.7/include/python2.7', '-iwithsysroot', '/System/Library/Frameworks/Python.framework/Versions/2.7/include/python2.7', '-iwithsysroot', '/usr/local/libressl/include', '-DNS3_BUILD_PROFILE_DEBUG', '-DNS3_ASSERT_ENABLE', '-DNS3_LOG_ENABLE', '../test.cpp', '-c', '-o', '/Users/gaoxiong/Documents/1_Research/Alibaba Innovative Research/experiment.nosync/ns-allinone-3.27/ns-3.27/build/.conf_check_0313c99da2cd1983c031e498075ab88d/testbuild/test.cpp.1.o']
err: ../test.cpp:5:7: error: use of undeclared identifier 'uint128_t'
        if ((uint128_t *) 0) return 0;
             ^
../test.cpp:5:18: error: expected expression
        if ((uint128_t *) 0) return 0;
                        ^
../test.cpp:6:14: error: use of undeclared identifier 'uint128_t'
        if (sizeof (uint128_t)) return 0;
                    ^
3 errors generated.

from /Users/gaoxiong/Documents/1_Research/Alibaba Innovative Research/experiment.nosync/ns-allinone-3.27/ns-3.27/src/core: Test does not build: Traceback (most recent call last):
  File "/Users/gaoxiong/Documents/1_Research/Alibaba Innovative Research/experiment.nosync/ns-allinone-3.27/ns-3.27/.waf-1.8.19-b1fc8f7baef51bd2db4c2971909a568d/waflib/Configure.py", line 335, in run_build
    bld.compile()
  File "/Users/gaoxiong/Documents/1_Research/Alibaba Innovative Research/experiment.nosync/ns-allinone-3.27/ns-3.27/.waf-1.8.19-b1fc8f7baef51bd2db4c2971909a568d/waflib/Build.py", line 185, in compile
    raise Errors.BuildError(self.producer.error)
BuildError: Build failed
 -> task in 'testprog' failed (exit status 1): 
	{task 4370464656: cxx test.cpp -> test.cpp.1.o}
['/usr/bin/clang++', '-Wno-error', '-std=c++11', '-iwithsysroot', '/System/Library/Frameworks/Python.framework/Versions/2.7/include/python2.7', '-iwithsysroot', '/System/Library/Frameworks/Python.framework/Versions/2.7/include/python2.7', '-iwithsysroot', '/usr/local/libressl/include', '-iwithsysroot', '/System/Library/Frameworks/Python.framework/Versions/2.7/include/python2.7', '-iwithsysroot', '/System/Library/Frameworks/Python.framework/Versions/2.7/include/python2.7', '-iwithsysroot', '/usr/local/libressl/include', '-DNS3_BUILD_PROFILE_DEBUG', '-DNS3_ASSERT_ENABLE', '-DNS3_LOG_ENABLE', '../test.cpp', '-c', '-o', '/Users/gaoxiong/Documents/1_Research/Alibaba Innovative Research/experiment.nosync/ns-allinone-3.27/ns-3.27/build/.conf_check_0313c99da2cd1983c031e498075ab88d/testbuild/test.cpp.1.o']

not found
from /Users/gaoxiong/Documents/1_Research/Alibaba Innovative Research/experiment.nosync/ns-allinone-3.27/ns-3.27/src/core: The configuration failed
------------------------------------------------------------------
Checking for type __uint128_t
==>
#include <stdint.h>

int main(int argc, char **argv) {
	(void)argc; (void)argv;
	if ((__uint128_t *) 0) return 0;
	if (sizeof (__uint128_t)) return 0;
	return 1;
}

<==
[1/2] Compiling [32mbuild/.conf_check_d8eb43493b6f71208edd9ce00f6f4c40/test.cpp[0m

['/usr/bin/clang++', '-Wno-error', '-std=c++11', '-iwithsysroot', '/System/Library/Frameworks/Python.framework/Versions/2.7/include/python2.7', '-iwithsysroot', '/System/Library/Frameworks/Python.framework/Versions/2.7/include/python2.7', '-iwithsysroot', '/usr/local/libressl/include', '-iwithsysroot', '/System/Library/Frameworks/Python.framework/Versions/2.7/include/python2.7', '-iwithsysroot', '/System/Library/Frameworks/Python.framework/Versions/2.7/include/python2.7', '-iwithsysroot', '/usr/local/libressl/include', '-DNS3_BUILD_PROFILE_DEBUG', '-DNS3_ASSERT_ENABLE', '-DNS3_LOG_ENABLE', '../test.cpp', '-c', '-o', '/Users/gaoxiong/Documents/1_Research/Alibaba Innovative Research/experiment.nosync/ns-allinone-3.27/ns-3.27/build/.conf_check_d8eb43493b6f71208edd9ce00f6f4c40/testbuild/test.cpp.1.o']
[2/2] Linking [33mbuild/.conf_check_d8eb43493b6f71208edd9ce00f6f4c40/testbuild/testprog[0m

['/usr/bin/clang++', 'test.cpp.1.o', '-o', '/Users/gaoxiong/Documents/1_Research/Alibaba Innovative Research/experiment.nosync/ns-allinone-3.27/ns-3.27/build/.conf_check_d8eb43493b6f71208edd9ce00f6f4c40/testbuild/testprog']
yes
------------------------------------------------------------------
Checking high precision implementation
128-bit integer (default)
------------------------------------------------------------------
Checking for header stdint.h
==>
#include <stdint.h>

int main(int argc, char **argv) {
	(void)argc; (void)argv;
	return 0;
}

<==
[1/2] Compiling [32mbuild/.conf_check_d6f97ed44d319041018838c9c28af8f3/test.cpp[0m

['/usr/bin/clang++', '-Wno-error', '-std=c++11', '-iwithsysroot', '/System/Library/Frameworks/Python.framework/Versions/2.7/include/python2.7', '-iwithsysroot', '/System/Library/Frameworks/Python.framework/Versions/2.7/include/python2.7', '-iwithsysroot', '/usr/local/libressl/include', '-iwithsysroot', '/System/Library/Frameworks/Python.framework/Versions/2.7/include/python2.7', '-iwithsysroot', '/System/Library/Frameworks/Python.framework/Versions/2.7/include/python2.7', '-iwithsysroot', '/usr/local/libressl/include', '-DNS3_BUILD_PROFILE_DEBUG', '-DNS3_ASSERT_ENABLE', '-DNS3_LOG_ENABLE', '-DHAVE___UINT128_T=1', '-DINT64X64_USE_128=1', '../test.cpp', '-c', '-o', '/Users/gaoxiong/Documents/1_Research/Alibaba Innovative Research/experiment.nosync/ns-allinone-3.27/ns-3.27/build/.conf_check_d6f97ed44d319041018838c9c28af8f3/testbuild/test.cpp.1.o']
[2/2] Linking [33mbuild/.conf_check_d6f97ed44d319041018838c9c28af8f3/testbuild/testprog[0m

['/usr/bin/clang++', 'test.cpp.1.o', '-o', '/Users/gaoxiong/Documents/1_Research/Alibaba Innovative Research/experiment.nosync/ns-allinone-3.27/ns-3.27/build/.conf_check_d6f97ed44d319041018838c9c28af8f3/testbuild/testprog']
yes
------------------------------------------------------------------
Checking for header inttypes.h
==>
#include <inttypes.h>

int main(int argc, char **argv) {
	(void)argc; (void)argv;
	return 0;
}

<==
[1/2] Compiling [32mbuild/.conf_check_46009121070fdccbc9147aafad5e40f8/test.cpp[0m

['/usr/bin/clang++', '-Wno-error', '-std=c++11', '-iwithsysroot', '/System/Library/Frameworks/Python.framework/Versions/2.7/include/python2.7', '-iwithsysroot', '/System/Library/Frameworks/Python.framework/Versions/2.7/include/python2.7', '-iwithsysroot', '/usr/local/libressl/include', '-iwithsysroot', '/System/Library/Frameworks/Python.framework/Versions/2.7/include/python2.7', '-iwithsysroot', '/System/Library/Frameworks/Python.framework/Versions/2.7/include/python2.7', '-iwithsysroot', '/usr/local/libressl/include', '-DNS3_BUILD_PROFILE_DEBUG', '-DNS3_ASSERT_ENABLE', '-DNS3_LOG_ENABLE', '-DHAVE___UINT128_T=1', '-DINT64X64_USE_128=1', '-DHAVE_STDINT_H=1', '../test.cpp', '-c', '-o', '/Users/gaoxiong/Documents/1_Research/Alibaba Innovative Research/experiment.nosync/ns-allinone-3.27/ns-3.27/build/.conf_check_46009121070fdccbc9147aafad5e40f8/testbuild/test.cpp.1.o']
[2/2] Linking [33mbuild/.conf_check_46009121070fdccbc9147aafad5e40f8/testbuild/testprog[0m

['/usr/bin/clang++', 'test.cpp.1.o', '-o', '/Users/gaoxiong/Documents/1_Research/Alibaba Innovative Research/experiment.nosync/ns-allinone-3.27/ns-3.27/build/.conf_check_46009121070fdccbc9147aafad5e40f8/testbuild/testprog']
yes
------------------------------------------------------------------
Checking for header sys/inttypes.h
==>
#include <sys/inttypes.h>

int main(int argc, char **argv) {
	(void)argc; (void)argv;
	return 0;
}

<==
[1/2] Compiling [32mbuild/.conf_check_2281c12c451b5958066002dbc5941356/test.cpp[0m

['/usr/bin/clang++', '-Wno-error', '-std=c++11', '-iwithsysroot', '/System/Library/Frameworks/Python.framework/Versions/2.7/include/python2.7', '-iwithsysroot', '/System/Library/Frameworks/Python.framework/Versions/2.7/include/python2.7', '-iwithsysroot', '/usr/local/libressl/include', '-iwithsysroot', '/System/Library/Frameworks/Python.framework/Versions/2.7/include/python2.7', '-iwithsysroot', '/System/Library/Frameworks/Python.framework/Versions/2.7/include/python2.7', '-iwithsysroot', '/usr/local/libressl/include', '-DNS3_BUILD_PROFILE_DEBUG', '-DNS3_ASSERT_ENABLE', '-DNS3_LOG_ENABLE', '-DHAVE___UINT128_T=1', '-DINT64X64_USE_128=1', '-DHAVE_STDINT_H=1', '-DHAVE_INTTYPES_H=1', '../test.cpp', '-c', '-o', '/Users/gaoxiong/Documents/1_Research/Alibaba Innovative Research/experiment.nosync/ns-allinone-3.27/ns-3.27/build/.conf_check_2281c12c451b5958066002dbc5941356/testbuild/test.cpp.1.o']
err: ../test.cpp:1:10: fatal error: 'sys/inttypes.h' file not found
#include <sys/inttypes.h>
         ^~~~~~~~~~~~~~~~
1 error generated.

from /Users/gaoxiong/Documents/1_Research/Alibaba Innovative Research/experiment.nosync/ns-allinone-3.27/ns-3.27/src/core: Test does not build: Traceback (most recent call last):
  File "/Users/gaoxiong/Documents/1_Research/Alibaba Innovative Research/experiment.nosync/ns-allinone-3.27/ns-3.27/.waf-1.8.19-b1fc8f7baef51bd2db4c2971909a568d/waflib/Configure.py", line 335, in run_build
    bld.compile()
  File "/Users/gaoxiong/Documents/1_Research/Alibaba Innovative Research/experiment.nosync/ns-allinone-3.27/ns-3.27/.waf-1.8.19-b1fc8f7baef51bd2db4c2971909a568d/waflib/Build.py", line 185, in compile
    raise Errors.BuildError(self.producer.error)
BuildError: Build failed
 -> task in 'testprog' failed (exit status 1): 
	{task 4370309776: cxx test.cpp -> test.cpp.1.o}
['/usr/bin/clang++', '-Wno-error', '-std=c++11', '-iwithsysroot', '/System/Library/Frameworks/Python.framework/Versions/2.7/include/python2.7', '-iwithsysroot', '/System/Library/Frameworks/Python.framework/Versions/2.7/include/python2.7', '-iwithsysroot', '/usr/local/libressl/include', '-iwithsysroot', '/System/Library/Frameworks/Python.framework/Versions/2.7/include/python2.7', '-iwithsysroot', '/System/Library/Frameworks/Python.framework/Versions/2.7/include/python2.7', '-iwithsysroot', '/usr/local/libressl/include', '-DNS3_BUILD_PROFILE_DEBUG', '-DNS3_ASSERT_ENABLE', '-DNS3_LOG_ENABLE', '-DHAVE___UINT128_T=1', '-DINT64X64_USE_128=1', '-DHAVE_STDINT_H=1', '-DHAVE_INTTYPES_H=1', '../test.cpp', '-c', '-o', '/Users/gaoxiong/Documents/1_Research/Alibaba Innovative Research/experiment.nosync/ns-allinone-3.27/ns-3.27/build/.conf_check_2281c12c451b5958066002dbc5941356/testbuild/test.cpp.1.o']

not found
from /Users/gaoxiong/Documents/1_Research/Alibaba Innovative Research/experiment.nosync/ns-allinone-3.27/ns-3.27/src/core: The configuration failed
------------------------------------------------------------------
Checking for header sys/types.h
==>
#include <sys/types.h>

int main(int argc, char **argv) {
	(void)argc; (void)argv;
	return 0;
}

<==
[1/2] Compiling [32mbuild/.conf_check_b01469e73e908e23a20d46c429c47200/test.cpp[0m

['/usr/bin/clang++', '-Wno-error', '-std=c++11', '-iwithsysroot', '/System/Library/Frameworks/Python.framework/Versions/2.7/include/python2.7', '-iwithsysroot', '/System/Library/Frameworks/Python.framework/Versions/2.7/include/python2.7', '-iwithsysroot', '/usr/local/libressl/include', '-iwithsysroot', '/System/Library/Frameworks/Python.framework/Versions/2.7/include/python2.7', '-iwithsysroot', '/System/Library/Frameworks/Python.framework/Versions/2.7/include/python2.7', '-iwithsysroot', '/usr/local/libressl/include', '-DNS3_BUILD_PROFILE_DEBUG', '-DNS3_ASSERT_ENABLE', '-DNS3_LOG_ENABLE', '-DHAVE___UINT128_T=1', '-DINT64X64_USE_128=1', '-DHAVE_STDINT_H=1', '-DHAVE_INTTYPES_H=1', '../test.cpp', '-c', '-o', '/Users/gaoxiong/Documents/1_Research/Alibaba Innovative Research/experiment.nosync/ns-allinone-3.27/ns-3.27/build/.conf_check_b01469e73e908e23a20d46c429c47200/testbuild/test.cpp.1.o']
[2/2] Linking [33mbuild/.conf_check_b01469e73e908e23a20d46c429c47200/testbuild/testprog[0m

['/usr/bin/clang++', 'test.cpp.1.o', '-o', '/Users/gaoxiong/Documents/1_Research/Alibaba Innovative Research/experiment.nosync/ns-allinone-3.27/ns-3.27/build/.conf_check_b01469e73e908e23a20d46c429c47200/testbuild/testprog']
yes
------------------------------------------------------------------
Checking for header sys/stat.h
==>
#include <sys/stat.h>

int main(int argc, char **argv) {
	(void)argc; (void)argv;
	return 0;
}

<==
[1/2] Compiling [32mbuild/.conf_check_ef2d746be1af47a4b1035728c31d20d1/test.cpp[0m

['/usr/bin/clang++', '-Wno-error', '-std=c++11', '-iwithsysroot', '/System/Library/Frameworks/Python.framework/Versions/2.7/include/python2.7', '-iwithsysroot', '/System/Library/Frameworks/Python.framework/Versions/2.7/include/python2.7', '-iwithsysroot', '/usr/local/libressl/include', '-iwithsysroot', '/System/Library/Frameworks/Python.framework/Versions/2.7/include/python2.7', '-iwithsysroot', '/System/Library/Frameworks/Python.framework/Versions/2.7/include/python2.7', '-iwithsysroot', '/usr/local/libressl/include', '-DNS3_BUILD_PROFILE_DEBUG', '-DNS3_ASSERT_ENABLE', '-DNS3_LOG_ENABLE', '-DHAVE___UINT128_T=1', '-DINT64X64_USE_128=1', '-DHAVE_STDINT_H=1', '-DHAVE_INTTYPES_H=1', '-DHAVE_SYS_TYPES_H=1', '../test.cpp', '-c', '-o', '/Users/gaoxiong/Documents/1_Research/Alibaba Innovative Research/experiment.nosync/ns-allinone-3.27/ns-3.27/build/.conf_check_ef2d746be1af47a4b1035728c31d20d1/testbuild/test.cpp.1.o']
[2/2] Linking [33mbuild/.conf_check_ef2d746be1af47a4b1035728c31d20d1/testbuild/testprog[0m

['/usr/bin/clang++', 'test.cpp.1.o', '-o', '/Users/gaoxiong/Documents/1_Research/Alibaba Innovative Research/experiment.nosync/ns-allinone-3.27/ns-3.27/build/.conf_check_ef2d746be1af47a4b1035728c31d20d1/testbuild/testprog']
yes
------------------------------------------------------------------
Checking for header dirent.h
==>
#include <dirent.h>

int main(int argc, char **argv) {
	(void)argc; (void)argv;
	return 0;
}

<==
[1/2] Compiling [32mbuild/.conf_check_f116388ad2d2bc5b2858808b1c0bbe4a/test.cpp[0m

['/usr/bin/clang++', '-Wno-error', '-std=c++11', '-iwithsysroot', '/System/Library/Frameworks/Python.framework/Versions/2.7/include/python2.7', '-iwithsysroot', '/System/Library/Frameworks/Python.framework/Versions/2.7/include/python2.7', '-iwithsysroot', '/usr/local/libressl/include', '-iwithsysroot', '/System/Library/Frameworks/Python.framework/Versions/2.7/include/python2.7', '-iwithsysroot', '/System/Library/Frameworks/Python.framework/Versions/2.7/include/python2.7', '-iwithsysroot', '/usr/local/libressl/include', '-DNS3_BUILD_PROFILE_DEBUG', '-DNS3_ASSERT_ENABLE', '-DNS3_LOG_ENABLE', '-DHAVE___UINT128_T=1', '-DINT64X64_USE_128=1', '-DHAVE_STDINT_H=1', '-DHAVE_INTTYPES_H=1', '-DHAVE_SYS_TYPES_H=1', '-DHAVE_SYS_STAT_H=1', '../test.cpp', '-c', '-o', '/Users/gaoxiong/Documents/1_Research/Alibaba Innovative Research/experiment.nosync/ns-allinone-3.27/ns-3.27/build/.conf_check_f116388ad2d2bc5b2858808b1c0bbe4a/testbuild/test.cpp.1.o']
[2/2] Linking [33mbuild/.conf_check_f116388ad2d2bc5b2858808b1c0bbe4a/testbuild/testprog[0m

['/usr/bin/clang++', 'test.cpp.1.o', '-o', '/Users/gaoxiong/Documents/1_Research/Alibaba Innovative Research/experiment.nosync/ns-allinone-3.27/ns-3.27/build/.conf_check_f116388ad2d2bc5b2858808b1c0bbe4a/testbuild/testprog']
yes
------------------------------------------------------------------
Checking for header stdlib.h
==>
#include <stdlib.h>

int main(int argc, char **argv) {
	(void)argc; (void)argv;
	return 0;
}

<==
[1/2] Compiling [32mbuild/.conf_check_906ba5e3cfad4719cab6194905d4b609/test.cpp[0m

['/usr/bin/clang++', '-Wno-error', '-std=c++11', '-iwithsysroot', '/System/Library/Frameworks/Python.framework/Versions/2.7/include/python2.7', '-iwithsysroot', '/System/Library/Frameworks/Python.framework/Versions/2.7/include/python2.7', '-iwithsysroot', '/usr/local/libressl/include', '-iwithsysroot', '/System/Library/Frameworks/Python.framework/Versions/2.7/include/python2.7', '-iwithsysroot', '/System/Library/Frameworks/Python.framework/Versions/2.7/include/python2.7', '-iwithsysroot', '/usr/local/libressl/include', '-DNS3_BUILD_PROFILE_DEBUG', '-DNS3_ASSERT_ENABLE', '-DNS3_LOG_ENABLE', '-DHAVE___UINT128_T=1', '-DINT64X64_USE_128=1', '-DHAVE_STDINT_H=1', '-DHAVE_INTTYPES_H=1', '-DHAVE_SYS_TYPES_H=1', '-DHAVE_SYS_STAT_H=1', '-DHAVE_DIRENT_H=1', '../test.cpp', '-c', '-o', '/Users/gaoxiong/Documents/1_Research/Alibaba Innovative Research/experiment.nosync/ns-allinone-3.27/ns-3.27/build/.conf_check_906ba5e3cfad4719cab6194905d4b609/testbuild/test.cpp.1.o']
[2/2] Linking [33mbuild/.conf_check_906ba5e3cfad4719cab6194905d4b609/testbuild/testprog[0m

['/usr/bin/clang++', 'test.cpp.1.o', '-o', '/Users/gaoxiong/Documents/1_Research/Alibaba Innovative Research/experiment.nosync/ns-allinone-3.27/ns-3.27/build/.conf_check_906ba5e3cfad4719cab6194905d4b609/testbuild/testprog']
yes
------------------------------------------------------------------
Checking for header signal.h
==>
#include <signal.h>

int main(int argc, char **argv) {
	(void)argc; (void)argv;
	return 0;
}

<==
[1/2] Compiling [32mbuild/.conf_check_a89dd973232f54955e9ceb3f29644ec5/test.cpp[0m

['/usr/bin/clang++', '-Wno-error', '-std=c++11', '-iwithsysroot', '/System/Library/Frameworks/Python.framework/Versions/2.7/include/python2.7', '-iwithsysroot', '/System/Library/Frameworks/Python.framework/Versions/2.7/include/python2.7', '-iwithsysroot', '/usr/local/libressl/include', '-iwithsysroot', '/System/Library/Frameworks/Python.framework/Versions/2.7/include/python2.7', '-iwithsysroot', '/System/Library/Frameworks/Python.framework/Versions/2.7/include/python2.7', '-iwithsysroot', '/usr/local/libressl/include', '-DNS3_BUILD_PROFILE_DEBUG', '-DNS3_ASSERT_ENABLE', '-DNS3_LOG_ENABLE', '-DHAVE___UINT128_T=1', '-DINT64X64_USE_128=1', '-DHAVE_STDINT_H=1', '-DHAVE_INTTYPES_H=1', '-DHAVE_SYS_TYPES_H=1', '-DHAVE_SYS_STAT_H=1', '-DHAVE_DIRENT_H=1', '-DHAVE_STDLIB_H=1', '-DHAVE_GETENV=1', '../test.cpp', '-c', '-o', '/Users/gaoxiong/Documents/1_Research/Alibaba Innovative Research/experiment.nosync/ns-allinone-3.27/ns-3.27/build/.conf_check_a89dd973232f54955e9ceb3f29644ec5/testbuild/test.cpp.1.o']
[2/2] Linking [33mbuild/.conf_check_a89dd973232f54955e9ceb3f29644ec5/testbuild/testprog[0m

['/usr/bin/clang++', 'test.cpp.1.o', '-o', '/Users/gaoxiong/Documents/1_Research/Alibaba Innovative Research/experiment.nosync/ns-allinone-3.27/ns-3.27/build/.conf_check_a89dd973232f54955e9ceb3f29644ec5/testbuild/testprog']
yes
------------------------------------------------------------------
Checking for header pthread.h
==>

#include <pthread.h>
int main ()
{
   pthread_mutex_t m;
   pthread_mutex_init (&m, NULL);
   return 0;
}

<==
[1/2] Compiling [32mbuild/.conf_check_089ad2e337d8d006969791a4f9c98d4c/test.cpp[0m

['/usr/bin/clang++', '-Wno-error', '-std=c++11', '-iwithsysroot', '/System/Library/Frameworks/Python.framework/Versions/2.7/include/python2.7', '-iwithsysroot', '/System/Library/Frameworks/Python.framework/Versions/2.7/include/python2.7', '-iwithsysroot', '/usr/local/libressl/include', '-iwithsysroot', '/System/Library/Frameworks/Python.framework/Versions/2.7/include/python2.7', '-iwithsysroot', '/System/Library/Frameworks/Python.framework/Versions/2.7/include/python2.7', '-iwithsysroot', '/usr/local/libressl/include', '-DNS3_BUILD_PROFILE_DEBUG', '-DNS3_ASSERT_ENABLE', '-DNS3_LOG_ENABLE', '-DHAVE___UINT128_T=1', '-DINT64X64_USE_128=1', '-DHAVE_STDINT_H=1', '-DHAVE_INTTYPES_H=1', '-DHAVE_SYS_TYPES_H=1', '-DHAVE_SYS_STAT_H=1', '-DHAVE_DIRENT_H=1', '-DHAVE_STDLIB_H=1', '-DHAVE_GETENV=1', '-DHAVE_SIGNAL_H=1', '../test.cpp', '-c', '-o', '/Users/gaoxiong/Documents/1_Research/Alibaba Innovative Research/experiment.nosync/ns-allinone-3.27/ns-3.27/build/.conf_check_089ad2e337d8d006969791a4f9c98d4c/testbuild/test.cpp.1.o']
[2/2] Linking [33mbuild/.conf_check_089ad2e337d8d006969791a4f9c98d4c/testbuild/testprog[0m

['/usr/bin/clang++', 'test.cpp.1.o', '-o', '/Users/gaoxiong/Documents/1_Research/Alibaba Innovative Research/experiment.nosync/ns-allinone-3.27/ns-3.27/build/.conf_check_089ad2e337d8d006969791a4f9c98d4c/testbuild/testprog']
yes
------------------------------------------------------------------
Checking for header stdint.h
==>
#include <stdint.h>

int main(int argc, char **argv) {
	(void)argc; (void)argv;
	return 0;
}

<==
[1/2] Compiling [32mbuild/.conf_check_d6f97ed44d319041018838c9c28af8f3/test.cpp[0m

['/usr/bin/clang++', '-Wno-error', '-std=c++11', '-iwithsysroot', '/System/Library/Frameworks/Python.framework/Versions/2.7/include/python2.7', '-iwithsysroot', '/System/Library/Frameworks/Python.framework/Versions/2.7/include/python2.7', '-iwithsysroot', '/usr/local/libressl/include', '-iwithsysroot', '/System/Library/Frameworks/Python.framework/Versions/2.7/include/python2.7', '-iwithsysroot', '/System/Library/Frameworks/Python.framework/Versions/2.7/include/python2.7', '-iwithsysroot', '/usr/local/libressl/include', '-DNS3_BUILD_PROFILE_DEBUG', '-DNS3_ASSERT_ENABLE', '-DNS3_LOG_ENABLE', '-DHAVE___UINT128_T=1', '-DINT64X64_USE_128=1', '-DHAVE_INTTYPES_H=1', '-DHAVE_SYS_TYPES_H=1', '-DHAVE_SYS_STAT_H=1', '-DHAVE_DIRENT_H=1', '-DHAVE_STDLIB_H=1', '-DHAVE_GETENV=1', '-DHAVE_SIGNAL_H=1', '-DHAVE_PTHREAD_H=1', '../test.cpp', '-c', '-o', '/Users/gaoxiong/Documents/1_Research/Alibaba Innovative Research/experiment.nosync/ns-allinone-3.27/ns-3.27/build/.conf_check_d6f97ed44d319041018838c9c28af8f3/testbuild/test.cpp.1.o']
[2/2] Linking [33mbuild/.conf_check_d6f97ed44d319041018838c9c28af8f3/testbuild/testprog[0m

['/usr/bin/clang++', 'test.cpp.1.o', '-o', '/Users/gaoxiong/Documents/1_Research/Alibaba Innovative Research/experiment.nosync/ns-allinone-3.27/ns-3.27/build/.conf_check_d6f97ed44d319041018838c9c28af8f3/testbuild/testprog']
yes
------------------------------------------------------------------
Checking for header inttypes.h
==>
#include <inttypes.h>

int main(int argc, char **argv) {
	(void)argc; (void)argv;
	return 0;
}

<==
[1/2] Compiling [32mbuild/.conf_check_46009121070fdccbc9147aafad5e40f8/test.cpp[0m

['/usr/bin/clang++', '-Wno-error', '-std=c++11', '-iwithsysroot', '/System/Library/Frameworks/Python.framework/Versions/2.7/include/python2.7', '-iwithsysroot', '/System/Library/Frameworks/Python.framework/Versions/2.7/include/python2.7', '-iwithsysroot', '/usr/local/libressl/include', '-iwithsysroot', '/System/Library/Frameworks/Python.framework/Versions/2.7/include/python2.7', '-iwithsysroot', '/System/Library/Frameworks/Python.framework/Versions/2.7/include/python2.7', '-iwithsysroot', '/usr/local/libressl/include', '-DNS3_BUILD_PROFILE_DEBUG', '-DNS3_ASSERT_ENABLE', '-DNS3_LOG_ENABLE', '-DHAVE___UINT128_T=1', '-DINT64X64_USE_128=1', '-DHAVE_SYS_TYPES_H=1', '-DHAVE_SYS_STAT_H=1', '-DHAVE_DIRENT_H=1', '-DHAVE_STDLIB_H=1', '-DHAVE_GETENV=1', '-DHAVE_SIGNAL_H=1', '-DHAVE_PTHREAD_H=1', '-DHAVE_STDINT_H=1', '../test.cpp', '-c', '-o', '/Users/gaoxiong/Documents/1_Research/Alibaba Innovative Research/experiment.nosync/ns-allinone-3.27/ns-3.27/build/.conf_check_46009121070fdccbc9147aafad5e40f8/testbuild/test.cpp.1.o']
[2/2] Linking [33mbuild/.conf_check_46009121070fdccbc9147aafad5e40f8/testbuild/testprog[0m

['/usr/bin/clang++', 'test.cpp.1.o', '-o', '/Users/gaoxiong/Documents/1_Research/Alibaba Innovative Research/experiment.nosync/ns-allinone-3.27/ns-3.27/build/.conf_check_46009121070fdccbc9147aafad5e40f8/testbuild/testprog']
yes
------------------------------------------------------------------
Checking for header sys/inttypes.h
==>
#include <sys/inttypes.h>

int main(int argc, char **argv) {
	(void)argc; (void)argv;
	return 0;
}

<==
[1/2] Compiling [32mbuild/.conf_check_2281c12c451b5958066002dbc5941356/test.cpp[0m

['/usr/bin/clang++', '-Wno-error', '-std=c++11', '-iwithsysroot', '/System/Library/Frameworks/Python.framework/Versions/2.7/include/python2.7', '-iwithsysroot', '/System/Library/Frameworks/Python.framework/Versions/2.7/include/python2.7', '-iwithsysroot', '/usr/local/libressl/include', '-iwithsysroot', '/System/Library/Frameworks/Python.framework/Versions/2.7/include/python2.7', '-iwithsysroot', '/System/Library/Frameworks/Python.framework/Versions/2.7/include/python2.7', '-iwithsysroot', '/usr/local/libressl/include', '-DNS3_BUILD_PROFILE_DEBUG', '-DNS3_ASSERT_ENABLE', '-DNS3_LOG_ENABLE', '-DHAVE___UINT128_T=1', '-DINT64X64_USE_128=1', '-DHAVE_SYS_TYPES_H=1', '-DHAVE_SYS_STAT_H=1', '-DHAVE_DIRENT_H=1', '-DHAVE_STDLIB_H=1', '-DHAVE_GETENV=1', '-DHAVE_SIGNAL_H=1', '-DHAVE_PTHREAD_H=1', '-DHAVE_STDINT_H=1', '-DHAVE_INTTYPES_H=1', '../test.cpp', '-c', '-o', '/Users/gaoxiong/Documents/1_Research/Alibaba Innovative Research/experiment.nosync/ns-allinone-3.27/ns-3.27/build/.conf_check_2281c12c451b5958066002dbc5941356/testbuild/test.cpp.1.o']
err: ../test.cpp:1:10: fatal error: 'sys/inttypes.h' file not found
#include <sys/inttypes.h>
         ^~~~~~~~~~~~~~~~
1 error generated.

from /Users/gaoxiong/Documents/1_Research/Alibaba Innovative Research/experiment.nosync/ns-allinone-3.27/ns-3.27/src/core: Test does not build: Traceback (most recent call last):
  File "/Users/gaoxiong/Documents/1_Research/Alibaba Innovative Research/experiment.nosync/ns-allinone-3.27/ns-3.27/.waf-1.8.19-b1fc8f7baef51bd2db4c2971909a568d/waflib/Configure.py", line 335, in run_build
    bld.compile()
  File "/Users/gaoxiong/Documents/1_Research/Alibaba Innovative Research/experiment.nosync/ns-allinone-3.27/ns-3.27/.waf-1.8.19-b1fc8f7baef51bd2db4c2971909a568d/waflib/Build.py", line 185, in compile
    raise Errors.BuildError(self.producer.error)
BuildError: Build failed
 -> task in 'testprog' failed (exit status 1): 
	{task 4370341456: cxx test.cpp -> test.cpp.1.o}
['/usr/bin/clang++', '-Wno-error', '-std=c++11', '-iwithsysroot', '/System/Library/Frameworks/Python.framework/Versions/2.7/include/python2.7', '-iwithsysroot', '/System/Library/Frameworks/Python.framework/Versions/2.7/include/python2.7', '-iwithsysroot', '/usr/local/libressl/include', '-iwithsysroot', '/System/Library/Frameworks/Python.framework/Versions/2.7/include/python2.7', '-iwithsysroot', '/System/Library/Frameworks/Python.framework/Versions/2.7/include/python2.7', '-iwithsysroot', '/usr/local/libressl/include', '-DNS3_BUILD_PROFILE_DEBUG', '-DNS3_ASSERT_ENABLE', '-DNS3_LOG_ENABLE', '-DHAVE___UINT128_T=1', '-DINT64X64_USE_128=1', '-DHAVE_SYS_TYPES_H=1', '-DHAVE_SYS_STAT_H=1', '-DHAVE_DIRENT_H=1', '-DHAVE_STDLIB_H=1', '-DHAVE_GETENV=1', '-DHAVE_SIGNAL_H=1', '-DHAVE_PTHREAD_H=1', '-DHAVE_STDINT_H=1', '-DHAVE_INTTYPES_H=1', '../test.cpp', '-c', '-o', '/Users/gaoxiong/Documents/1_Research/Alibaba Innovative Research/experiment.nosync/ns-allinone-3.27/ns-3.27/build/.conf_check_2281c12c451b5958066002dbc5941356/testbuild/test.cpp.1.o']

not found
from /Users/gaoxiong/Documents/1_Research/Alibaba Innovative Research/experiment.nosync/ns-allinone-3.27/ns-3.27/src/core: The configuration failed
------------------------------------------------------------------
Checking for library rt
==>

int main(int argc, char **argv) {
	(void)argc; (void)argv;
	return 0;
}

<==
[1/2] Compiling [32mbuild/.conf_check_52350fbeefe2592a57f85a36b05f07e0/test.cpp[0m

['/usr/bin/clang++', '-Wno-error', '-std=c++11', '-iwithsysroot', '/System/Library/Frameworks/Python.framework/Versions/2.7/include/python2.7', '-iwithsysroot', '/System/Library/Frameworks/Python.framework/Versions/2.7/include/python2.7', '-iwithsysroot', '/usr/local/libressl/include', '-iwithsysroot', '/System/Library/Frameworks/Python.framework/Versions/2.7/include/python2.7', '-iwithsysroot', '/System/Library/Frameworks/Python.framework/Versions/2.7/include/python2.7', '-iwithsysroot', '/usr/local/libressl/include', '-DNS3_BUILD_PROFILE_DEBUG', '-DNS3_ASSERT_ENABLE', '-DNS3_LOG_ENABLE', '-DHAVE___UINT128_T=1', '-DINT64X64_USE_128=1', '-DHAVE_SYS_TYPES_H=1', '-DHAVE_SYS_STAT_H=1', '-DHAVE_DIRENT_H=1', '-DHAVE_STDLIB_H=1', '-DHAVE_GETENV=1', '-DHAVE_SIGNAL_H=1', '-DHAVE_PTHREAD_H=1', '-DHAVE_STDINT_H=1', '-DHAVE_INTTYPES_H=1', '../test.cpp', '-c', '-o', '/Users/gaoxiong/Documents/1_Research/Alibaba Innovative Research/experiment.nosync/ns-allinone-3.27/ns-3.27/build/.conf_check_52350fbeefe2592a57f85a36b05f07e0/testbuild/test.cpp.1.o']
[2/2] Linking [33mbuild/.conf_check_52350fbeefe2592a57f85a36b05f07e0/testbuild/testprog[0m

['/usr/bin/clang++', 'test.cpp.1.o', '-o', '/Users/gaoxiong/Documents/1_Research/Alibaba Innovative Research/experiment.nosync/ns-allinone-3.27/ns-3.27/build/.conf_check_52350fbeefe2592a57f85a36b05f07e0/testbuild/testprog', '-lrt']
err: ld: library not found for -lrt
clang: error: linker command failed with exit code 1 (use -v to see invocation)

from /Users/gaoxiong/Documents/1_Research/Alibaba Innovative Research/experiment.nosync/ns-allinone-3.27/ns-3.27/src/core: Test does not build: Traceback (most recent call last):
  File "/Users/gaoxiong/Documents/1_Research/Alibaba Innovative Research/experiment.nosync/ns-allinone-3.27/ns-3.27/.waf-1.8.19-b1fc8f7baef51bd2db4c2971909a568d/waflib/Configure.py", line 335, in run_build
    bld.compile()
  File "/Users/gaoxiong/Documents/1_Research/Alibaba Innovative Research/experiment.nosync/ns-allinone-3.27/ns-3.27/.waf-1.8.19-b1fc8f7baef51bd2db4c2971909a568d/waflib/Build.py", line 185, in compile
    raise Errors.BuildError(self.producer.error)
BuildError: Build failed
 -> task in 'testprog' failed (exit status 1): 
	{task 4370926800: cxxprogram test.cpp.1.o -> testprog}
['/usr/bin/clang++', 'test.cpp.1.o', '-o', '/Users/gaoxiong/Documents/1_Research/Alibaba Innovative Research/experiment.nosync/ns-allinone-3.27/ns-3.27/build/.conf_check_52350fbeefe2592a57f85a36b05f07e0/testbuild/testprog', '-lrt']

not found
from /Users/gaoxiong/Documents/1_Research/Alibaba Innovative Research/experiment.nosync/ns-allinone-3.27/ns-3.27/src/core: The configuration failed
------------------------------------------------------------------
Checking for header sys/ioctl.h
==>
#include <sys/ioctl.h>

int main(int argc, char **argv) {
	(void)argc; (void)argv;
	return 0;
}

<==
[1/2] Compiling [32mbuild/.conf_check_755db46c849b8b1cae157585f0d8c65a/test.cpp[0m

['/usr/bin/clang++', '-Wno-error', '-std=c++11', '-iwithsysroot', '/System/Library/Frameworks/Python.framework/Versions/2.7/include/python2.7', '-iwithsysroot', '/System/Library/Frameworks/Python.framework/Versions/2.7/include/python2.7', '-iwithsysroot', '/usr/local/libressl/include', '-iwithsysroot', '/System/Library/Frameworks/Python.framework/Versions/2.7/include/python2.7', '-iwithsysroot', '/System/Library/Frameworks/Python.framework/Versions/2.7/include/python2.7', '-iwithsysroot', '/usr/local/libressl/include', '-DNS3_BUILD_PROFILE_DEBUG', '-DNS3_ASSERT_ENABLE', '-DNS3_LOG_ENABLE', '../test.cpp', '-c', '-o', '/Users/gaoxiong/Documents/1_Research/Alibaba Innovative Research/experiment.nosync/ns-allinone-3.27/ns-3.27/build/.conf_check_755db46c849b8b1cae157585f0d8c65a/testbuild/test.cpp.1.o']
[2/2] Linking [33mbuild/.conf_check_755db46c849b8b1cae157585f0d8c65a/testbuild/testprog[0m

['/usr/bin/clang++', 'test.cpp.1.o', '-o', '/Users/gaoxiong/Documents/1_Research/Alibaba Innovative Research/experiment.nosync/ns-allinone-3.27/ns-3.27/build/.conf_check_755db46c849b8b1cae157585f0d8c65a/testbuild/testprog']
yes
------------------------------------------------------------------
Checking for header net/if.h
==>
#include <net/if.h>

int main(int argc, char **argv) {
	(void)argc; (void)argv;
	return 0;
}

<==
[1/2] Compiling [32mbuild/.conf_check_7e4a3e808b694649e516c76ac9836449/test.cpp[0m

['/usr/bin/clang++', '-Wno-error', '-std=c++11', '-iwithsysroot', '/System/Library/Frameworks/Python.framework/Versions/2.7/include/python2.7', '-iwithsysroot', '/System/Library/Frameworks/Python.framework/Versions/2.7/include/python2.7', '-iwithsysroot', '/usr/local/libressl/include', '-iwithsysroot', '/System/Library/Frameworks/Python.framework/Versions/2.7/include/python2.7', '-iwithsysroot', '/System/Library/Frameworks/Python.framework/Versions/2.7/include/python2.7', '-iwithsysroot', '/usr/local/libressl/include', '-DNS3_BUILD_PROFILE_DEBUG', '-DNS3_ASSERT_ENABLE', '-DNS3_LOG_ENABLE', '-DHAVE_SYS_IOCTL_H=1', '../test.cpp', '-c', '-o', '/Users/gaoxiong/Documents/1_Research/Alibaba Innovative Research/experiment.nosync/ns-allinone-3.27/ns-3.27/build/.conf_check_7e4a3e808b694649e516c76ac9836449/testbuild/test.cpp.1.o']
[2/2] Linking [33mbuild/.conf_check_7e4a3e808b694649e516c76ac9836449/testbuild/testprog[0m

['/usr/bin/clang++', 'test.cpp.1.o', '-o', '/Users/gaoxiong/Documents/1_Research/Alibaba Innovative Research/experiment.nosync/ns-allinone-3.27/ns-3.27/build/.conf_check_7e4a3e808b694649e516c76ac9836449/testbuild/testprog']
yes
------------------------------------------------------------------
Checking for header net/ethernet.h
==>
#include <net/ethernet.h>

int main(int argc, char **argv) {
	(void)argc; (void)argv;
	return 0;
}

<==
[1/2] Compiling [32mbuild/.conf_check_a3e414001e5b10eb75da43765bfc230b/test.cpp[0m

['/usr/bin/clang++', '-Wno-error', '-std=c++11', '-iwithsysroot', '/System/Library/Frameworks/Python.framework/Versions/2.7/include/python2.7', '-iwithsysroot', '/System/Library/Frameworks/Python.framework/Versions/2.7/include/python2.7', '-iwithsysroot', '/usr/local/libressl/include', '-iwithsysroot', '/System/Library/Frameworks/Python.framework/Versions/2.7/include/python2.7', '-iwithsysroot', '/System/Library/Frameworks/Python.framework/Versions/2.7/include/python2.7', '-iwithsysroot', '/usr/local/libressl/include', '-DNS3_BUILD_PROFILE_DEBUG', '-DNS3_ASSERT_ENABLE', '-DNS3_LOG_ENABLE', '-DHAVE_SYS_IOCTL_H=1', '-DHAVE_IF_NETS_H=1', '../test.cpp', '-c', '-o', '/Users/gaoxiong/Documents/1_Research/Alibaba Innovative Research/experiment.nosync/ns-allinone-3.27/ns-3.27/build/.conf_check_a3e414001e5b10eb75da43765bfc230b/testbuild/test.cpp.1.o']
[2/2] Linking [33mbuild/.conf_check_a3e414001e5b10eb75da43765bfc230b/testbuild/testprog[0m

['/usr/bin/clang++', 'test.cpp.1.o', '-o', '/Users/gaoxiong/Documents/1_Research/Alibaba Innovative Research/experiment.nosync/ns-allinone-3.27/ns-3.27/build/.conf_check_a3e414001e5b10eb75da43765bfc230b/testbuild/testprog']
yes
------------------------------------------------------------------
Checking for header linux/if_tun.h
==>
#include <linux/if_tun.h>

int main(int argc, char **argv) {
	(void)argc; (void)argv;
	return 0;
}

<==
[1/2] Compiling [32mbuild/.conf_check_8bd47069e61739bb206c2a6f4a099651/test.cpp[0m

['/usr/bin/clang++', '-Wno-error', '-std=c++11', '-iwithsysroot', '/System/Library/Frameworks/Python.framework/Versions/2.7/include/python2.7', '-iwithsysroot', '/System/Library/Frameworks/Python.framework/Versions/2.7/include/python2.7', '-iwithsysroot', '/usr/local/libressl/include', '-iwithsysroot', '/System/Library/Frameworks/Python.framework/Versions/2.7/include/python2.7', '-iwithsysroot', '/System/Library/Frameworks/Python.framework/Versions/2.7/include/python2.7', '-iwithsysroot', '/usr/local/libressl/include', '-DNS3_BUILD_PROFILE_DEBUG', '-DNS3_ASSERT_ENABLE', '-DNS3_LOG_ENABLE', '-DHAVE_SYS_IOCTL_H=1', '-DHAVE_IF_NETS_H=1', '-DHAVE_NET_ETHERNET_H=1', '../test.cpp', '-c', '-o', '/Users/gaoxiong/Documents/1_Research/Alibaba Innovative Research/experiment.nosync/ns-allinone-3.27/ns-3.27/build/.conf_check_8bd47069e61739bb206c2a6f4a099651/testbuild/test.cpp.1.o']
err: ../test.cpp:1:10: fatal error: 'linux/if_tun.h' file not found
#include <linux/if_tun.h>
         ^~~~~~~~~~~~~~~~
1 error generated.

from /Users/gaoxiong/Documents/1_Research/Alibaba Innovative Research/experiment.nosync/ns-allinone-3.27/ns-3.27/src/fd-net-device: Test does not build: Traceback (most recent call last):
  File "/Users/gaoxiong/Documents/1_Research/Alibaba Innovative Research/experiment.nosync/ns-allinone-3.27/ns-3.27/.waf-1.8.19-b1fc8f7baef51bd2db4c2971909a568d/waflib/Configure.py", line 335, in run_build
    bld.compile()
  File "/Users/gaoxiong/Documents/1_Research/Alibaba Innovative Research/experiment.nosync/ns-allinone-3.27/ns-3.27/.waf-1.8.19-b1fc8f7baef51bd2db4c2971909a568d/waflib/Build.py", line 185, in compile
    raise Errors.BuildError(self.producer.error)
BuildError: Build failed
 -> task in 'testprog' failed (exit status 1): 
	{task 4371874448: cxx test.cpp -> test.cpp.1.o}
['/usr/bin/clang++', '-Wno-error', '-std=c++11', '-iwithsysroot', '/System/Library/Frameworks/Python.framework/Versions/2.7/include/python2.7', '-iwithsysroot', '/System/Library/Frameworks/Python.framework/Versions/2.7/include/python2.7', '-iwithsysroot', '/usr/local/libressl/include', '-iwithsysroot', '/System/Library/Frameworks/Python.framework/Versions/2.7/include/python2.7', '-iwithsysroot', '/System/Library/Frameworks/Python.framework/Versions/2.7/include/python2.7', '-iwithsysroot', '/usr/local/libressl/include', '-DNS3_BUILD_PROFILE_DEBUG', '-DNS3_ASSERT_ENABLE', '-DNS3_LOG_ENABLE', '-DHAVE_SYS_IOCTL_H=1', '-DHAVE_IF_NETS_H=1', '-DHAVE_NET_ETHERNET_H=1', '../test.cpp', '-c', '-o', '/Users/gaoxiong/Documents/1_Research/Alibaba Innovative Research/experiment.nosync/ns-allinone-3.27/ns-3.27/build/.conf_check_8bd47069e61739bb206c2a6f4a099651/testbuild/test.cpp.1.o']

not found
from /Users/gaoxiong/Documents/1_Research/Alibaba Innovative Research/experiment.nosync/ns-allinone-3.27/ns-3.27/src/fd-net-device: The configuration failed
------------------------------------------------------------------
Checking for header netpacket/packet.h
==>
#include <netpacket/packet.h>

int main(int argc, char **argv) {
	(void)argc; (void)argv;
	return 0;
}

<==
[1/2] Compiling [32mbuild/.conf_check_dcc62e488155221e8559ffd3a28c314f/test.cpp[0m

['/usr/bin/clang++', '-Wno-error', '-std=c++11', '-iwithsysroot', '/System/Library/Frameworks/Python.framework/Versions/2.7/include/python2.7', '-iwithsysroot', '/System/Library/Frameworks/Python.framework/Versions/2.7/include/python2.7', '-iwithsysroot', '/usr/local/libressl/include', '-iwithsysroot', '/System/Library/Frameworks/Python.framework/Versions/2.7/include/python2.7', '-iwithsysroot', '/System/Library/Frameworks/Python.framework/Versions/2.7/include/python2.7', '-iwithsysroot', '/usr/local/libressl/include', '-DNS3_BUILD_PROFILE_DEBUG', '-DNS3_ASSERT_ENABLE', '-DNS3_LOG_ENABLE', '-DHAVE_SYS_IOCTL_H=1', '-DHAVE_IF_NETS_H=1', '-DHAVE_NET_ETHERNET_H=1', '../test.cpp', '-c', '-o', '/Users/gaoxiong/Documents/1_Research/Alibaba Innovative Research/experiment.nosync/ns-allinone-3.27/ns-3.27/build/.conf_check_dcc62e488155221e8559ffd3a28c314f/testbuild/test.cpp.1.o']
err: ../test.cpp:1:10: fatal error: 'netpacket/packet.h' file not found
#include <netpacket/packet.h>
         ^~~~~~~~~~~~~~~~~~~~
1 error generated.

from /Users/gaoxiong/Documents/1_Research/Alibaba Innovative Research/experiment.nosync/ns-allinone-3.27/ns-3.27/src/fd-net-device: Test does not build: Traceback (most recent call last):
  File "/Users/gaoxiong/Documents/1_Research/Alibaba Innovative Research/experiment.nosync/ns-allinone-3.27/ns-3.27/.waf-1.8.19-b1fc8f7baef51bd2db4c2971909a568d/waflib/Configure.py", line 335, in run_build
    bld.compile()
  File "/Users/gaoxiong/Documents/1_Research/Alibaba Innovative Research/experiment.nosync/ns-allinone-3.27/ns-3.27/.waf-1.8.19-b1fc8f7baef51bd2db4c2971909a568d/waflib/Build.py", line 185, in compile
    raise Errors.BuildError(self.producer.error)
BuildError: Build failed
 -> task in 'testprog' failed (exit status 1): 
	{task 4370925072: cxx test.cpp -> test.cpp.1.o}
['/usr/bin/clang++', '-Wno-error', '-std=c++11', '-iwithsysroot', '/System/Library/Frameworks/Python.framework/Versions/2.7/include/python2.7', '-iwithsysroot', '/System/Library/Frameworks/Python.framework/Versions/2.7/include/python2.7', '-iwithsysroot', '/usr/local/libressl/include', '-iwithsysroot', '/System/Library/Frameworks/Python.framework/Versions/2.7/include/python2.7', '-iwithsysroot', '/System/Library/Frameworks/Python.framework/Versions/2.7/include/python2.7', '-iwithsysroot', '/usr/local/libressl/include', '-DNS3_BUILD_PROFILE_DEBUG', '-DNS3_ASSERT_ENABLE', '-DNS3_LOG_ENABLE', '-DHAVE_SYS_IOCTL_H=1', '-DHAVE_IF_NETS_H=1', '-DHAVE_NET_ETHERNET_H=1', '../test.cpp', '-c', '-o', '/Users/gaoxiong/Documents/1_Research/Alibaba Innovative Research/experiment.nosync/ns-allinone-3.27/ns-3.27/build/.conf_check_dcc62e488155221e8559ffd3a28c314f/testbuild/test.cpp.1.o']

not found
from /Users/gaoxiong/Documents/1_Research/Alibaba Innovative Research/experiment.nosync/ns-allinone-3.27/ns-3.27/src/fd-net-device: The configuration failed
------------------------------------------------------------------
Checking for NSC location
not found
------------------------------------------------------------------
Checking for program 'pkg-config'
not found
find program=['pkg-config'] paths=['/opt/local/bin', '/opt/local/sbin', '/usr/local/bin', '/usr/bin', '/bin', '/usr/sbin', '/sbin', '/Library/TeX/texbin', '/usr/local/go/bin', '/Library/Apple/usr/bin'] var='PKGCONFIG' -> None
from /Users/gaoxiong/Documents/1_Research/Alibaba Innovative Research/experiment.nosync/ns-allinone-3.27/ns-3.27/src/stats: Could not find the program ['pkg-config']
------------------------------------------------------------------
Checking for header linux/if_tun.h
==>
#include <linux/if_tun.h>

int main(int argc, char **argv) {
	(void)argc; (void)argv;
	return 0;
}

<==
[1/2] Compiling [32mbuild/.conf_check_8bd47069e61739bb206c2a6f4a099651/test.cpp[0m

['/usr/bin/clang++', '-Wno-error', '-std=c++11', '-iwithsysroot', '/System/Library/Frameworks/Python.framework/Versions/2.7/include/python2.7', '-iwithsysroot', '/System/Library/Frameworks/Python.framework/Versions/2.7/include/python2.7', '-iwithsysroot', '/usr/local/libressl/include', '-iwithsysroot', '/System/Library/Frameworks/Python.framework/Versions/2.7/include/python2.7', '-iwithsysroot', '/System/Library/Frameworks/Python.framework/Versions/2.7/include/python2.7', '-iwithsysroot', '/usr/local/libressl/include', '-DNS3_BUILD_PROFILE_DEBUG', '-DNS3_ASSERT_ENABLE', '-DNS3_LOG_ENABLE', '-DHAVE_SYS_IOCTL_H=1', '-DHAVE_IF_NETS_H=1', '-DHAVE_NET_ETHERNET_H=1', '../test.cpp', '-c', '-o', '/Users/gaoxiong/Documents/1_Research/Alibaba Innovative Research/experiment.nosync/ns-allinone-3.27/ns-3.27/build/.conf_check_8bd47069e61739bb206c2a6f4a099651/testbuild/test.cpp.1.o']
err: ../test.cpp:1:10: fatal error: 'linux/if_tun.h' file not found
#include <linux/if_tun.h>
         ^~~~~~~~~~~~~~~~
1 error generated.

from /Users/gaoxiong/Documents/1_Research/Alibaba Innovative Research/experiment.nosync/ns-allinone-3.27/ns-3.27/src/tap-bridge: Test does not build: Traceback (most recent call last):
  File "/Users/gaoxiong/Documents/1_Research/Alibaba Innovative Research/experiment.nosync/ns-allinone-3.27/ns-3.27/.waf-1.8.19-b1fc8f7baef51bd2db4c2971909a568d/waflib/Configure.py", line 335, in run_build
    bld.compile()
  File "/Users/gaoxiong/Documents/1_Research/Alibaba Innovative Research/experiment.nosync/ns-allinone-3.27/ns-3.27/.waf-1.8.19-b1fc8f7baef51bd2db4c2971909a568d/waflib/Build.py", line 185, in compile
    raise Errors.BuildError(self.producer.error)
BuildError: Build failed
 -> task in 'testprog' failed (exit status 1): 
	{task 4371968464: cxx test.cpp -> test.cpp.1.o}
['/usr/bin/clang++', '-Wno-error', '-std=c++11', '-iwithsysroot', '/System/Library/Frameworks/Python.framework/Versions/2.7/include/python2.7', '-iwithsysroot', '/System/Library/Frameworks/Python.framework/Versions/2.7/include/python2.7', '-iwithsysroot', '/usr/local/libressl/include', '-iwithsysroot', '/System/Library/Frameworks/Python.framework/Versions/2.7/include/python2.7', '-iwithsysroot', '/System/Library/Frameworks/Python.framework/Versions/2.7/include/python2.7', '-iwithsysroot', '/usr/local/libressl/include', '-DNS3_BUILD_PROFILE_DEBUG', '-DNS3_ASSERT_ENABLE', '-DNS3_LOG_ENABLE', '-DHAVE_SYS_IOCTL_H=1', '-DHAVE_IF_NETS_H=1', '-DHAVE_NET_ETHERNET_H=1', '../test.cpp', '-c', '-o', '/Users/gaoxiong/Documents/1_Research/Alibaba Innovative Research/experiment.nosync/ns-allinone-3.27/ns-3.27/build/.conf_check_8bd47069e61739bb206c2a6f4a099651/testbuild/test.cpp.1.o']

not found
from /Users/gaoxiong/Documents/1_Research/Alibaba Innovative Research/experiment.nosync/ns-allinone-3.27/ns-3.27/src/tap-bridge: The configuration failed
------------------------------------------------------------------
Checking for python module 'gtk'
['/System/Library/Frameworks/Python.framework/Versions/2.7/Resources/Python.app/Contents/MacOS/Python', '-c', "\nimport gtk as current_module\nversion = getattr(current_module, '__version__', None)\nif version is not None:\n\tprint(str(version))\nelse:\n\tprint('unknown version')\n"]
err: Traceback (most recent call last):
  File "<string>", line 2, in <module>
ImportError: No module named gtk

not found
from /Users/gaoxiong/Documents/1_Research/Alibaba Innovative Research/experiment.nosync/ns-allinone-3.27/ns-3.27/src/visualizer: Could not find the python module 'gtk'
------------------------------------------------------------------
Checking for python module 'goocanvas'
['/System/Library/Frameworks/Python.framework/Versions/2.7/Resources/Python.app/Contents/MacOS/Python', '-c', "\nimport goocanvas as current_module\nversion = getattr(current_module, '__version__', None)\nif version is not None:\n\tprint(str(version))\nelse:\n\tprint('unknown version')\n"]
err: Traceback (most recent call last):
  File "<string>", line 2, in <module>
ImportError: No module named goocanvas

not found
from /Users/gaoxiong/Documents/1_Research/Alibaba Innovative Research/experiment.nosync/ns-allinone-3.27/ns-3.27/src/visualizer: Could not find the python module 'goocanvas'
------------------------------------------------------------------
Checking for python module 'pygraphviz'
['/System/Library/Frameworks/Python.framework/Versions/2.7/Resources/Python.app/Contents/MacOS/Python', '-c', "\nimport pygraphviz as current_module\nversion = getattr(current_module, '__version__', None)\nif version is not None:\n\tprint(str(version))\nelse:\n\tprint('unknown version')\n"]
err: Traceback (most recent call last):
  File "<string>", line 2, in <module>
ImportError: No module named pygraphviz

not found
from /Users/gaoxiong/Documents/1_Research/Alibaba Innovative Research/experiment.nosync/ns-allinone-3.27/ns-3.27/src/visualizer: Could not find the python module 'pygraphviz'
(tool boost is already loaded, skipping)
------------------------------------------------------------------
Checking boost includes
headers not found, please provide a --boost-includes argument (see help)
from /Users/gaoxiong/Documents/1_Research/Alibaba Innovative Research/experiment.nosync/ns-allinone-3.27/ns-3.27/contrib: The configuration failed
------------------------------------------------------------------
Checking boost includes
headers not found, please provide a --boost-includes argument (see help)
from /Users/gaoxiong/Documents/1_Research/Alibaba Innovative Research/experiment.nosync/ns-allinone-3.27/ns-3.27/contrib: The configuration failed
------------------------------------------------------------------
Checking for program 'sudo'
/usr/bin/sudo
find program=['sudo'] paths=['/opt/local/bin', '/opt/local/sbin', '/usr/local/bin', '/usr/bin', '/bin', '/usr/sbin', '/sbin', '/Library/TeX/texbin', '/usr/local/go/bin', '/Library/Apple/usr/bin'] var='SUDO' -> ['/usr/bin/sudo']
------------------------------------------------------------------
Checking for program 'valgrind'
not found
find program=['valgrind'] paths=['/opt/local/bin', '/opt/local/sbin', '/usr/local/bin', '/usr/bin', '/bin', '/usr/sbin', '/sbin', '/Library/TeX/texbin', '/usr/local/go/bin', '/Library/Apple/usr/bin'] var='VALGRIND' -> None
from /Users/gaoxiong/Documents/1_Research/Alibaba Innovative Research/experiment.nosync/ns-allinone-3.27/ns-3.27: Could not find the program ['valgrind']
------------------------------------------------------------------
Checking for program 'pkg-config'
not found
find program=['pkg-config'] paths=['/opt/local/bin', '/opt/local/sbin', '/usr/local/bin', '/usr/bin', '/bin', '/usr/sbin', '/sbin', '/Library/TeX/texbin', '/usr/local/go/bin', '/Library/Apple/usr/bin'] var='PKGCONFIG' -> None
from /Users/gaoxiong/Documents/1_Research/Alibaba Innovative Research/experiment.nosync/ns-allinone-3.27/ns-3.27: Could not find the program ['pkg-config']
------------------------------------------------------------------
python-config
not found
find program=['libgcrypt-config'] paths=['/opt/local/bin', '/opt/local/sbin', '/usr/local/bin', '/usr/bin', '/bin', '/usr/sbin', '/sbin', '/Library/TeX/texbin', '/usr/local/go/bin', '/Library/Apple/usr/bin'] var='LIBGCRYPT_CONFIG' -> None
from /Users/gaoxiong/Documents/1_Research/Alibaba Innovative Research/experiment.nosync/ns-allinone-3.27/ns-3.27: Could not find the program ['libgcrypt-config']
------------------------------------------------------------------
Checking for program 'doxygen'
not found
find program=['doxygen'] paths=['/opt/local/bin', '/opt/local/sbin', '/usr/local/bin', '/usr/bin', '/bin', '/usr/sbin', '/sbin', '/Library/TeX/texbin', '/usr/local/go/bin', '/Library/Apple/usr/bin'] var='DOXYGEN' -> None
from /Users/gaoxiong/Documents/1_Research/Alibaba Innovative Research/experiment.nosync/ns-allinone-3.27/ns-3.27: Could not find the program ['doxygen']
